m
N= 20, dist_m= {'a': 2, 'dist': 'Pareto', 'l': 10}
> ar= 0.2, n= 5
k= 1
WARNING] sim_mdsnk:: ar= 0.05, n= 5, k= 1, dist_m= {'a': 2, 'dist': 'Pareto', 'l': 10.0}
qid__win_freq_map= {0: 0.1933387489845654,
 1: 0.20796100731112915,
 2: 0.19861900893582454,
 3: 0.1876523151909017,
 4: 0.2124289195775792}
fi_l= [1.0]
WARNING] sim_mdsnk:: ar= 0.05, n= 5, k= 1, dist_m= {'a': 2, 'dist': 'Pareto', 'l': 10.0}
qid__win_freq_map= {0: 0.19839357429718876,
 1: 0.18835341365461847,
 2: 0.20321285140562248,
 3: 0.20321285140562248,
 4: 0.20682730923694778}
fi_l= [1.0]
WARNING] sim_mdsnk:: ar= 0.05, n= 5, k= 1, dist_m= {'a': 2, 'dist': 'Pareto', 'l': 10.0}
qid__win_freq_map= {0: 0.1828524989841528,
 1: 0.19382364892320195,
 2: 0.20763917106867127,
 3: 0.20763917106867127,
 4: 0.20804550995530272}
fi_l= [1.0]
WARNING] sim_mdsnk:: ar= 0.05, n= 5, k= 1, dist_m= {'a': 2, 'dist': 'Pareto', 'l': 10.0}
qid__win_freq_map= {0: 0.20024077046548958,
 1: 0.19181380417335472,
 2: 0.19662921348314608,
 3: 0.2086677367576244,
 4: 0.20264847512038522}
fi_l= [1.0]
WARNING] sim_mdsnk:: ar= 0.05, n= 5, k= 1, dist_m= {'a': 2, 'dist': 'Pareto', 'l': 10.0}
qid__win_freq_map= {0: 0.187797147385103,
 1: 0.21949286846275753,
 2: 0.19611727416798733,
 3: 0.20285261489698891,
 4: 0.19374009508716322}
fi_l= [1.0]
WARNING] sim_mdsnk:: ar= 0.05, n= 5, k= 1, dist_m= {'a': 2, 'dist': 'Pareto', 'l': 10.0}
qid__win_freq_map= {0: 0.20007908264136023,
 1: 0.20007908264136023,
 2: 0.20521945432977462,
 3: 0.20640569395017794,
 4: 0.188216686437327}
fi_l= [1.0]
WARNING] sim_mdsnk:: ar= 0.05, n= 5, k= 1, dist_m= {'a': 2, 'dist': 'Pareto', 'l': 10.0}
qid__win_freq_map= {0: 0.19242105263157894,
 1: 0.20673684210526316,
 2: 0.2025263157894737,
 3: 0.1928421052631579,
 4: 0.2054736842105263}
fi_l= [1.0]
WARNING] sim_mdsnk:: ar= 0.05, n= 5, k= 1, dist_m= {'a': 2, 'dist': 'Pareto', 'l': 10.0}
qid__win_freq_map= {0: 0.2119760479041916,
 1: 0.19321357285429142,
 2: 0.19441117764471058,
 3: 0.19640718562874251,
 4: 0.20399201596806388}
fi_l= [1.0]
WARNING] sim_mdsnk:: ar= 0.05, n= 5, k= 1, dist_m= {'a': 2, 'dist': 'Pareto', 'l': 10.0}
qid__win_freq_map= {0: 0.19934237566789972,
 1: 0.19482120838471023,
 2: 0.21619399917796958,
 3: 0.1890669954788327,
 4: 0.20057542129058775}
fi_l= [1.0]
WARNING] sim_mdsnk:: ar= 0.05, n= 5, k= 1, dist_m= {'a': 2, 'dist': 'Pareto', 'l': 10.0}
qid__win_freq_map= {0: 0.201337003539127,
 1: 0.20998820290994888,
 2: 0.18796696814785685,
 3: 0.21116791191506096,
 4: 0.18953991348800628}
fi_l= [1.0]
ET= 18.04406108939849
k= 2
WARNING] sim_mdsnk:: ar= 0.05, n= 5, k= 2, dist_m= {'a': 2, 'dist': 'Pareto', 'l': 5.0}
qid__win_freq_map= {0: 0.20096076861489193,
 1: 0.1921537229783827,
 2: 0.20576461168935148,
 3: 0.20096076861489193,
 4: 0.200160128102482}
fi_l= [0.9991993594875901, 0.0008006405124099279]
WARNING] sim_mdsnk:: ar= 0.05, n= 5, k= 2, dist_m= {'a': 2, 'dist': 'Pareto', 'l': 5.0}
qid__win_freq_map= {0: 0.21129032258064517,
 1: 0.19233870967741937,
 2: 0.21733870967741936,
 3: 0.19596774193548386,
 4: 0.18306451612903227}
fi_l= [1.0, 0.0]
WARNING] sim_mdsnk:: ar= 0.05, n= 5, k= 2, dist_m= {'a': 2, 'dist': 'Pareto', 'l': 5.0}
qid__win_freq_map= {0: 0.20076726342711,
 1: 0.19309462915601022,
 2: 0.1999147485080989,
 3: 0.19224211423699913,
 4: 0.21398124467178176}
fi_l= [0.9987212276214834, 0.0012787723785166241]
WARNING] sim_mdsnk:: ar= 0.05, n= 5, k= 2, dist_m= {'a': 2, 'dist': 'Pareto', 'l': 5.0}
qid__win_freq_map= {0: 0.20102888800949742,
 1: 0.19825880490700434,
 2: 0.18994855559952512,
 3: 0.2113177681044717,
 4: 0.1994459833795014}
fi_l= [0.998417095370004, 0.0015829046299960427]
WARNING] sim_mdsnk:: ar= 0.05, n= 5, k= 2, dist_m= {'a': 2, 'dist': 'Pareto', 'l': 5.0}
qid__win_freq_map= {0: 0.20617729643000401,
 1: 0.197352587244284,
 2: 0.2009626955475331,
 3: 0.1893301243481749,
 4: 0.20617729643000401}
fi_l= [0.9991977537103891, 0.0008022462896109105]
WARNING] sim_mdsnk:: ar= 0.05, n= 5, k= 2, dist_m= {'a': 2, 'dist': 'Pareto', 'l': 5.0}
qid__win_freq_map= {0: 0.20245398773006135,
 1: 0.1983640081799591,
 2: 0.2098159509202454,
 3: 0.18650306748466258,
 4: 0.20286298568507158}
fi_l= [0.9995910020449897, 0.00040899795501022495]
WARNING] sim_mdsnk:: ar= 0.05, n= 5, k= 2, dist_m= {'a': 2, 'dist': 'Pareto', 'l': 5.0}
qid__win_freq_map= {0: 0.19170358437374144,
 1: 0.19573097060008054,
 2: 0.20781312927909787,
 3: 0.1945227547321788,
 4: 0.21022956101490134}
fi_l= [0.9987917841320982, 0.0012082158679017317]
WARNING] sim_mdsnk:: ar= 0.05, n= 5, k= 2, dist_m= {'a': 2, 'dist': 'Pareto', 'l': 5.0}
qid__win_freq_map= {0: 0.18822587104525432,
 1: 0.1870244293151782,
 2: 0.21025230276331597,
 3: 0.2014417300760913,
 4: 0.2130556668001602}
fi_l= [1.0, 0.0]
WARNING] sim_mdsnk:: ar= 0.05, n= 5, k= 2, dist_m= {'a': 2, 'dist': 'Pareto', 'l': 5.0}
qid__win_freq_map= {0: 0.19744204636290968,
 1: 0.2058353317346123,
 2: 0.19304556354916066,
 3: 0.20463629096722621,
 4: 0.19904076738609114}
fi_l= [0.9992006394884093, 0.0007993605115907274]
WARNING] sim_mdsnk:: ar= 0.05, n= 5, k= 2, dist_m= {'a': 2, 'dist': 'Pareto', 'l': 5.0}
qid__win_freq_map= {0: 0.19372766971020247,
 1: 0.21357681619690352,
 2: 0.18221516474791585,
 3: 0.21992854307264786,
 4: 0.1905518062723303}
fi_l= [1.0, 0.0]
ET= 7.805873266068028
k= 3
WARNING] sim_mdsnk:: ar= 0.05, n= 5, k= 3, dist_m= {'a': 2, 'dist': 'Pareto', 'l': 3.3333333333333335}
qid__win_freq_map= {0: 0.22243788819875776,
 1: 0.19487577639751552,
 2: 0.19293478260869565,
 3: 0.203027950310559,
 4: 0.18672360248447206}
fi_l= [0.9891304347826086, 0.009316770186335404, 0.0015527950310559005]
WARNING] sim_mdsnk:: ar= 0.05, n= 5, k= 3, dist_m= {'a': 2, 'dist': 'Pareto', 'l': 3.3333333333333335}
qid__win_freq_map= {0: 0.19385245901639345,
 1: 0.21311475409836064,
 2: 0.19672131147540983,
 3: 0.1987704918032787,
 4: 0.19754098360655736}
fi_l= [0.9885245901639345, 0.00860655737704918, 0.0028688524590163933]
WARNING] sim_mdsnk:: ar= 0.05, n= 5, k= 3, dist_m= {'a': 2, 'dist': 'Pareto', 'l': 3.3333333333333335}
qid__win_freq_map= {0: 0.20450885668276972,
 1: 0.18518518518518517,
 2: 0.21296296296296297,
 3: 0.19404186795491143,
 4: 0.20330112721417068}
fi_l= [0.9891304347826086, 0.007648953301127214, 0.00322061191626409]
WARNING] sim_mdsnk:: ar= 0.05, n= 5, k= 3, dist_m= {'a': 2, 'dist': 'Pareto', 'l': 3.3333333333333335}
qid__win_freq_map= {0: 0.19752099160335865,
 1: 0.20231907237105157,
 2: 0.20111955217912836,
 3: 0.18952419032387044,
 4: 0.20951619352259096}
fi_l= [0.9876049580167933, 0.009196321471411436, 0.003198720511795282]
WARNING] sim_mdsnk:: ar= 0.05, n= 5, k= 3, dist_m= {'a': 2, 'dist': 'Pareto', 'l': 3.3333333333333335}
qid__win_freq_map= {0: 0.19917525773195877,
 1: 0.18762886597938144,
 2: 0.21608247422680413,
 3: 0.19711340206185568,
 4: 0.2}
fi_l= [0.9880412371134021, 0.009072164948453608, 0.00288659793814433]
WARNING] sim_mdsnk:: ar= 0.05, n= 5, k= 3, dist_m= {'a': 2, 'dist': 'Pareto', 'l': 3.3333333333333335}
qid__win_freq_map= {0: 0.2089733225545675,
 1: 0.18633791430881164,
 2: 0.2016976556184317,
 3: 0.206143896523848,
 4: 0.19684721099434116}
fi_l= [0.9862570735650767, 0.009296685529506871, 0.00444624090541633]
WARNING] sim_mdsnk:: ar= 0.05, n= 5, k= 3, dist_m= {'a': 2, 'dist': 'Pareto', 'l': 3.3333333333333335}
qid__win_freq_map= {0: 0.19092702169625247,
 1: 0.20946745562130178,
 2: 0.2067061143984221,
 3: 0.20118343195266272,
 4: 0.19171597633136095}
fi_l= [0.9818540433925049, 0.013806706114398421, 0.004339250493096647]
WARNING] sim_mdsnk:: ar= 0.05, n= 5, k= 3, dist_m= {'a': 2, 'dist': 'Pareto', 'l': 3.3333333333333335}
qid__win_freq_map= {0: 0.19891349770162975,
 1: 0.21353949017969076,
 2: 0.20309235269536147,
 3: 0.17258671124111993,
 4: 0.2118679481821981}
fi_l= [0.9937317175094025, 0.0029251984956122023, 0.003343083994985374]
WARNING] sim_mdsnk:: ar= 0.05, n= 5, k= 3, dist_m= {'a': 2, 'dist': 'Pareto', 'l': 3.3333333333333335}
qid__win_freq_map= {0: 0.20649458784346378,
 1: 0.19983347210657784,
 2: 0.18151540383014156,
 3: 0.1935886761032473,
 4: 0.21856786011656953}
fi_l= [0.992089925062448, 0.0062447960033305576, 0.0016652789342214821]
WARNING] sim_mdsnk:: ar= 0.05, n= 5, k= 3, dist_m= {'a': 2, 'dist': 'Pareto', 'l': 3.3333333333333335}
qid__win_freq_map= {0: 0.19449825648973265,
 1: 0.19488570321580784,
 2: 0.19333591631150718,
 3: 0.20999612553273925,
 4: 0.20728399845021309}
fi_l= [0.9825648973266176, 0.015110422316931422, 0.002324680356450988]
ET= 5.845883838466424
k= 4
WARNING] sim_mdsnk:: ar= 0.05, n= 5, k= 4, dist_m= {'a': 2, 'dist': 'Pareto', 'l': 2.5}
qid__win_freq_map= {0: 0.19301097114993904,
 1: 0.20438845997561966,
 2: 0.21048354327509142,
 3: 0.1999187322226737,
 4: 0.19219829337667615}
fi_l= [0.9321414059325478, 0.02519301097114994, 0.02600568874441284, 0.016659894351889477]
WARNING] sim_mdsnk:: ar= 0.05, n= 5, k= 4, dist_m= {'a': 2, 'dist': 'Pareto', 'l': 2.5}
qid__win_freq_map= {0: 0.20395799676898224,
 1: 0.2031502423263328,
 2: 0.20638126009693053,
 3: 0.19507269789983844,
 4: 0.19143780290791598}
fi_l= [0.934168012924071, 0.028675282714054926, 0.021405492730210016, 0.015751211631663976]
WARNING] sim_mdsnk:: ar= 0.05, n= 5, k= 4, dist_m= {'a': 2, 'dist': 'Pareto', 'l': 2.5}
qid__win_freq_map= {0: 0.20400943396226415,
 1: 0.19418238993710693,
 2: 0.19536163522012578,
 3: 0.2126572327044025,
 4: 0.19378930817610063}
fi_l= [0.9300314465408805, 0.030267295597484277, 0.020047169811320754, 0.019654088050314465]
WARNING] sim_mdsnk:: ar= 0.05, n= 5, k= 4, dist_m= {'a': 2, 'dist': 'Pareto', 'l': 2.5}
qid__win_freq_map= {0: 0.19438877755511022,
 1: 0.1971943887775551,
 2: 0.21763527054108217,
 3: 0.1971943887775551,
 4: 0.1935871743486974}
fi_l= [0.9450901803607215, 0.023647294589178358, 0.02004008016032064, 0.011222444889779559]
WARNING] sim_mdsnk:: ar= 0.05, n= 5, k= 4, dist_m= {'a': 2, 'dist': 'Pareto', 'l': 2.5}
qid__win_freq_map= {0: 0.18638702018203404,
 1: 0.20854768500197862,
 2: 0.20300751879699247,
 3: 0.19113573407202217,
 4: 0.2109220419469727}
fi_l= [0.9307479224376731, 0.026909378709932725, 0.025326474079936684, 0.01701622477245746]
WARNING] sim_mdsnk:: ar= 0.05, n= 5, k= 4, dist_m= {'a': 2, 'dist': 'Pareto', 'l': 2.5}
qid__win_freq_map= {0: 0.2030397505845674,
 1: 0.21005455962587685,
 2: 0.19641465315666407,
 3: 0.1995323460639127,
 4: 0.19095869056897896}
fi_l= [0.9333593141075605, 0.026110678098207326, 0.021434138737334373, 0.019095869056897894]
WARNING] sim_mdsnk:: ar= 0.05, n= 5, k= 4, dist_m= {'a': 2, 'dist': 'Pareto', 'l': 2.5}
qid__win_freq_map= {0: 0.18567426970788314,
 1: 0.18927571028411364,
 2: 0.21008403361344538,
 3: 0.21288515406162464,
 4: 0.20208083233293317}
fi_l= [0.923969587835134, 0.026810724289715888, 0.025610244097639057, 0.023609443777511004]
WARNING] sim_mdsnk:: ar= 0.05, n= 5, k= 4, dist_m= {'a': 2, 'dist': 'Pareto', 'l': 2.5}
qid__win_freq_map= {0: 0.20715166461159062,
 1: 0.18454582819564325,
 2: 0.21126181668721744,
 3: 0.1997533908754624,
 4: 0.19728729963008632}
fi_l= [0.9297163995067818, 0.027127003699136867, 0.02507192766132347, 0.018084669132757913]
WARNING] sim_mdsnk:: ar= 0.05, n= 5, k= 4, dist_m= {'a': 2, 'dist': 'Pareto', 'l': 2.5}
qid__win_freq_map= {0: 0.2003883495145631,
 1: 0.20310679611650487,
 2: 0.1829126213592233,
 3: 0.210873786407767,
 4: 0.20271844660194174}
fi_l= [0.9320388349514563, 0.027184466019417475, 0.02524271844660194, 0.015533980582524271]
WARNING] sim_mdsnk:: ar= 0.05, n= 5, k= 4, dist_m= {'a': 2, 'dist': 'Pareto', 'l': 2.5}
qid__win_freq_map= {0: 0.20040241448692153,
 1: 0.2112676056338028,
 2: 0.1891348088531187,
 3: 0.20241448692152916,
 4: 0.19678068410462776}
fi_l= [0.9227364185110664, 0.027766599597585512, 0.0289738430583501, 0.020523138832997986]
ET= 5.883360168830973
k= 5
WARNING] sim_mdsnk:: ar= 0.05, n= 5, k= 5, dist_m= {'a': 2, 'dist': 'Pareto', 'l': 2.0}
qid__win_freq_map= {0: 0.17758186397984888,
 1: 0.209487825356843,
 2: 0.1847187237615449,
 3: 0.20361041141897565,
 4: 0.22460117548278757}
fi_l= [0.7279596977329975, 0.019731318219983206, 0.039882451721242655, 0.05667506297229219, 0.15575146935348447]
WARNING] sim_mdsnk:: ar= 0.05, n= 5, k= 5, dist_m= {'a': 2, 'dist': 'Pareto', 'l': 2.0}
qid__win_freq_map= {0: 0.1950452221785293,
 1: 0.21274085725521039,
 2: 0.19386551317341721,
 3: 0.18639402280770742,
 4: 0.21195438458513566}
fi_l= [0.7196224931183641, 0.02909948879276445, 0.03460479748328746, 0.05977192292567833, 0.15690129767990563]
WARNING] sim_mdsnk:: ar= 0.05, n= 5, k= 5, dist_m= {'a': 2, 'dist': 'Pareto', 'l': 2.0}
qid__win_freq_map= {0: 0.18336713995943205,
 1: 0.21947261663286005,
 2: 0.20040567951318458,
 3: 0.2,
 4: 0.19675456389452334}
fi_l= [0.752129817444219, 0.033671399594320486, 0.03286004056795132, 0.05152129817444219, 0.12981744421906694]
WARNING] sim_mdsnk:: ar= 0.05, n= 5, k= 5, dist_m= {'a': 2, 'dist': 'Pareto', 'l': 2.0}
qid__win_freq_map= {0: 0.2185244587008821,
 1: 0.19887730553327987,
 2: 0.1752205292702486,
 3: 0.2141138732959102,
 4: 0.19326383319967924}
fi_l= [0.7309542902967121, 0.024057738572574178, 0.04170008019246191, 0.053728949478749, 0.1495589414595028]
WARNING] sim_mdsnk:: ar= 0.05, n= 5, k= 5, dist_m= {'a': 2, 'dist': 'Pareto', 'l': 2.0}
qid__win_freq_map= {0: 0.19034317637669593,
 1: 0.20151636073423784,
 2: 0.21508379888268156,
 3: 0.20909816440542697,
 4: 0.1839584996009577}
fi_l= [0.7454110135674381, 0.02713487629688747, 0.035115722266560255, 0.04908220271348763, 0.1432561851556265]
WARNING] sim_mdsnk:: ar= 0.05, n= 5, k= 5, dist_m= {'a': 2, 'dist': 'Pareto', 'l': 2.0}
qid__win_freq_map= {0: 0.20047077285209886,
 1: 0.19850921930168694,
 2: 0.18713220870929775,
 3: 0.21459395841506473,
 4: 0.19929384072185172}
fi_l= [0.7614750882699097, 0.02550019615535504, 0.029030992546096507, 0.06041584935268733, 0.12357787367595136]
WARNING] sim_mdsnk:: ar= 0.05, n= 5, k= 5, dist_m= {'a': 2, 'dist': 'Pareto', 'l': 2.0}
qid__win_freq_map= {0: 0.17897271268057785,
 1: 0.19542536115569822,
 2: 0.1942215088282504,
 3: 0.20626003210272872,
 4: 0.22512038523274477}
fi_l= [0.7359550561797753, 0.023274478330658106, 0.02969502407704655, 0.0521669341894061, 0.15890850722311398]
WARNING] sim_mdsnk:: ar= 0.05, n= 5, k= 5, dist_m= {'a': 2, 'dist': 'Pareto', 'l': 2.0}
qid__win_freq_map= {0: 0.19204771371769383,
 1: 0.20318091451292247,
 2: 0.205168986083499,
 3: 0.19642147117296221,
 4: 0.20318091451292247}
fi_l= [0.7518886679920477, 0.02823061630218688, 0.03141153081510934, 0.054473161033797214, 0.13399602385685885]
WARNING] sim_mdsnk:: ar= 0.05, n= 5, k= 5, dist_m= {'a': 2, 'dist': 'Pareto', 'l': 2.0}
qid__win_freq_map= {0: 0.19130084575110753,
 1: 0.19250906161900927,
 2: 0.20821586790173177,
 3: 0.21345146999597261,
 4: 0.1945227547321788}
fi_l= [0.71163914619412, 0.02013693113169553, 0.03584373741441804, 0.04832863471606927, 0.18405155054369715]
WARNING] sim_mdsnk:: ar= 0.05, n= 5, k= 5, dist_m= {'a': 2, 'dist': 'Pareto', 'l': 2.0}
qid__win_freq_map= {0: 0.1890923566878981,
 1: 0.21138535031847133,
 2: 0.19864649681528662,
 3: 0.1982484076433121,
 4: 0.20262738853503184}
fi_l= [0.7392515923566879, 0.026671974522292995, 0.03463375796178344, 0.052547770700636945, 0.14689490445859874]
ET= 12.682450227881308
> ar= 0.25, n= 5
k= 1
WARNING] sim_mdsnk:: ar= 0.0625, n= 5, k= 1, dist_m= {'a': 2, 'dist': 'Pareto', 'l': 10.0}
qid__win_freq_map= {0: 0.19479653102068045,
 1: 0.20613742494996665,
 2: 0.19913275517011342,
 3: 0.19879919946631086,
 4: 0.20113408939292862}
fi_l= [1.0]
WARNING] sim_mdsnk:: ar= 0.0625, n= 5, k= 1, dist_m= {'a': 2, 'dist': 'Pareto', 'l': 10.0}
qid__win_freq_map= {0: 0.1912532637075718,
 1: 0.20234986945169714,
 2: 0.20724543080939947,
 3: 0.20267624020887728,
 4: 0.19647519582245432}
fi_l= [1.0]
WARNING] sim_mdsnk:: ar= 0.0625, n= 5, k= 1, dist_m= {'a': 2, 'dist': 'Pareto', 'l': 10.0}
qid__win_freq_map= {0: 0.20006538084341288,
 1: 0.21085322000653808,
 2: 0.2010460934946061,
 3: 0.1886237332461589,
 4: 0.1994115724092841}
fi_l= [1.0]
WARNING] sim_mdsnk:: ar= 0.0625, n= 5, k= 1, dist_m= {'a': 2, 'dist': 'Pareto', 'l': 10.0}
qid__win_freq_map= {0: 0.21368078175895766,
 1: 0.18990228013029317,
 2: 0.2042345276872964,
 3: 0.19804560260586318,
 4: 0.19413680781758957}
fi_l= [1.0]
WARNING] sim_mdsnk:: ar= 0.0625, n= 5, k= 1, dist_m= {'a': 2, 'dist': 'Pareto', 'l': 10.0}
qid__win_freq_map= {0: 0.20752926289149004,
 1: 0.19487503954444796,
 2: 0.195191395128124,
 3: 0.19487503954444796,
 4: 0.20752926289149004}
fi_l= [1.0]
WARNING] sim_mdsnk:: ar= 0.0625, n= 5, k= 1, dist_m= {'a': 2, 'dist': 'Pareto', 'l': 10.0}
qid__win_freq_map= {0: 0.2027114267269206,
 1: 0.21207230471271787,
 2: 0.20497094899935442,
 3: 0.1762427372498386,
 4: 0.2040025823111685}
fi_l= [1.0]
WARNING] sim_mdsnk:: ar= 0.0625, n= 5, k= 1, dist_m= {'a': 2, 'dist': 'Pareto', 'l': 10.0}
qid__win_freq_map= {0: 0.19240506329113924,
 1: 0.19778481012658228,
 2: 0.2069620253164557,
 3: 0.20221518987341772,
 4: 0.20063291139240505}
fi_l= [1.0]
WARNING] sim_mdsnk:: ar= 0.0625, n= 5, k= 1, dist_m= {'a': 2, 'dist': 'Pareto', 'l': 10.0}
qid__win_freq_map= {0: 0.20935412026726058,
 1: 0.19217308304167993,
 2: 0.19058224626153356,
 3: 0.20680878141902642,
 4: 0.2010817690104995}
fi_l= [1.0]
WARNING] sim_mdsnk:: ar= 0.0625, n= 5, k= 1, dist_m= {'a': 2, 'dist': 'Pareto', 'l': 10.0}
qid__win_freq_map= {0: 0.20679705033664636,
 1: 0.19204873356845142,
 2: 0.20134658544405257,
 3: 0.18820134658544405,
 4: 0.21160628406540558}
fi_l= [1.0]
WARNING] sim_mdsnk:: ar= 0.0625, n= 5, k= 1, dist_m= {'a': 2, 'dist': 'Pareto', 'l': 10.0}
qid__win_freq_map= {0: 0.20537176547658043,
 1: 0.19456272518833934,
 2: 0.20406157877497544,
 3: 0.19980347199475926,
 4: 0.19620045856534557}
fi_l= [1.0]
ET= 23.46437578616926
k= 2
WARNING] sim_mdsnk:: ar= 0.0625, n= 5, k= 2, dist_m= {'a': 2, 'dist': 'Pareto', 'l': 5.0}
qid__win_freq_map= {0: 0.20628099173553718,
 1: 0.20264462809917355,
 2: 0.1953719008264463,
 3: 0.19669421487603306,
 4: 0.19900826446280992}
fi_l= [0.9993388429752066, 0.0006611570247933885]
WARNING] sim_mdsnk:: ar= 0.0625, n= 5, k= 2, dist_m= {'a': 2, 'dist': 'Pareto', 'l': 5.0}
qid__win_freq_map= {0: 0.1962374310736296,
 1: 0.2011028219266948,
 2: 0.20726565034057737,
 3: 0.21407719753486865,
 4: 0.18131689912422966}
fi_l= [0.9993512812195913, 0.0006487187804086928]
WARNING] sim_mdsnk:: ar= 0.0625, n= 5, k= 2, dist_m= {'a': 2, 'dist': 'Pareto', 'l': 5.0}
qid__win_freq_map= {0: 0.19264, 1: 0.21216, 2: 0.19616, 3: 0.20256, 4: 0.19648}
fi_l= [0.99616, 0.00384]
WARNING] sim_mdsnk:: ar= 0.0625, n= 5, k= 2, dist_m= {'a': 2, 'dist': 'Pareto', 'l': 5.0}
qid__win_freq_map= {0: 0.20398329585608738,
 1: 0.2001284934147125,
 2: 0.1856729842595567,
 3: 0.21329906842274332,
 4: 0.1969161580469001}
fi_l= [0.9987150658528751, 0.00128493414712496]
WARNING] sim_mdsnk:: ar= 0.0625, n= 5, k= 2, dist_m= {'a': 2, 'dist': 'Pareto', 'l': 5.0}
qid__win_freq_map= {0: 0.19150285351934052,
 1: 0.2025998731769182,
 2: 0.2089410272669626,
 3: 0.19847812301838935,
 4: 0.19847812301838935}
fi_l= [0.9952441344324667, 0.004755865567533291]
WARNING] sim_mdsnk:: ar= 0.0625, n= 5, k= 2, dist_m= {'a': 2, 'dist': 'Pareto', 'l': 5.0}
qid__win_freq_map= {0: 0.19641140660044856,
 1: 0.19448894585068888,
 2: 0.2031400192246075,
 3: 0.20826658122396668,
 4: 0.19769304710028837}
fi_l= [0.9983979493752002, 0.0016020506247997437]
WARNING] sim_mdsnk:: ar= 0.0625, n= 5, k= 2, dist_m= {'a': 2, 'dist': 'Pareto', 'l': 5.0}
qid__win_freq_map= {0: 0.20278137128072446,
 1: 0.18305304010349288,
 2: 0.2128072445019405,
 3: 0.19695989650711512,
 4: 0.20439844760672704}
fi_l= [0.999353169469599, 0.000646830530401035]
WARNING] sim_mdsnk:: ar= 0.0625, n= 5, k= 2, dist_m= {'a': 2, 'dist': 'Pareto', 'l': 5.0}
qid__win_freq_map= {0: 0.20146170956466475,
 1: 0.19447092469018112,
 2: 0.21417222751827136,
 3: 0.20463933905306642,
 4: 0.18525579917381632}
fi_l= [0.9984111852557992, 0.0015888147442008262]
WARNING] sim_mdsnk:: ar= 0.0625, n= 5, k= 2, dist_m= {'a': 2, 'dist': 'Pareto', 'l': 5.0}
qid__win_freq_map= {0: 0.1926517571884984,
 1: 0.19904153354632587,
 2: 0.19904153354632587,
 3: 0.2035143769968051,
 4: 0.20575079872204474}
fi_l= [0.9958466453674122, 0.004153354632587859]
WARNING] sim_mdsnk:: ar= 0.0625, n= 5, k= 2, dist_m= {'a': 2, 'dist': 'Pareto', 'l': 5.0}
qid__win_freq_map= {0: 0.20108349267049075,
 1: 0.20681963033779477,
 2: 0.20267686424474188,
 3: 0.19184193753983428,
 4: 0.1975780752071383}
fi_l= [0.9964945825366476, 0.003505417463352454]
ET= 8.39277498577078
k= 3
WARNING] sim_mdsnk:: ar= 0.0625, n= 5, k= 3, dist_m= {'a': 2, 'dist': 'Pareto', 'l': 3.3333333333333335}
qid__win_freq_map= {0: 0.19136597938144329,
 1: 0.19974226804123713,
 2: 0.20747422680412372,
 3: 0.19877577319587628,
 4: 0.2026417525773196}
fi_l= [0.9851804123711341, 0.011920103092783504, 0.0028994845360824743]
WARNING] sim_mdsnk:: ar= 0.0625, n= 5, k= 3, dist_m= {'a': 2, 'dist': 'Pareto', 'l': 3.3333333333333335}
qid__win_freq_map= {0: 0.2041628405264769,
 1: 0.20814202632384451,
 2: 0.1928374655647383,
 3: 0.19895928986838077,
 4: 0.19589837771655955}
fi_l= [0.9843893480257117, 0.011325374961738598, 0.0042852770125497396]
WARNING] sim_mdsnk:: ar= 0.0625, n= 5, k= 3, dist_m= {'a': 2, 'dist': 'Pareto', 'l': 3.3333333333333335}
qid__win_freq_map= {0: 0.20373831775700935,
 1: 0.19470404984423675,
 2: 0.20529595015576324,
 3: 0.19844236760124612,
 4: 0.19781931464174454}
fi_l= [0.9834890965732087, 0.012461059190031152, 0.004049844236760125]
WARNING] sim_mdsnk:: ar= 0.0625, n= 5, k= 3, dist_m= {'a': 2, 'dist': 'Pareto', 'l': 3.3333333333333335}
qid__win_freq_map= {0: 0.17515609595793624,
 1: 0.22576404863621427,
 2: 0.20341767992113047,
 3: 0.19783108774235952,
 4: 0.19783108774235952}
fi_l= [0.9865264541570818, 0.010515938218862965, 0.0029576076240552087]
WARNING] sim_mdsnk:: ar= 0.0625, n= 5, k= 3, dist_m= {'a': 2, 'dist': 'Pareto', 'l': 3.3333333333333335}
qid__win_freq_map= {0: 0.1910325228923271,
 1: 0.21155667824439534,
 2: 0.21060940953583834,
 3: 0.19071676665614146,
 4: 0.19608462267129775}
fi_l= [0.9778970634670034, 0.01768234922639722, 0.004420587306599305]
WARNING] sim_mdsnk:: ar= 0.0625, n= 5, k= 3, dist_m= {'a': 2, 'dist': 'Pareto', 'l': 3.3333333333333335}
qid__win_freq_map= {0: 0.20457474226804123,
 1: 0.19974226804123713,
 2: 0.1955541237113402,
 3: 0.19748711340206185,
 4: 0.2026417525773196}
fi_l= [0.9816365979381443, 0.013853092783505154, 0.004510309278350515]
WARNING] sim_mdsnk:: ar= 0.0625, n= 5, k= 3, dist_m= {'a': 2, 'dist': 'Pareto', 'l': 3.3333333333333335}
qid__win_freq_map= {0: 0.202365308804205,
 1: 0.18988173455978974,
 2: 0.21254927726675427,
 3: 0.18988173455978974,
 4: 0.20532194480946123}
fi_l= [0.9845597897503285, 0.012483574244415242, 0.002956636005256242]
WARNING] sim_mdsnk:: ar= 0.0625, n= 5, k= 3, dist_m= {'a': 2, 'dist': 'Pareto', 'l': 3.3333333333333335}
qid__win_freq_map= {0: 0.20547514159848962,
 1: 0.19697923222152297,
 2: 0.2026431718061674,
 3: 0.18879798615481436,
 4: 0.20610446821900566}
fi_l= [0.9852108244178729, 0.01195720578980491, 0.0028319697923222154]
WARNING] sim_mdsnk:: ar= 0.0625, n= 5, k= 3, dist_m= {'a': 2, 'dist': 'Pareto', 'l': 3.3333333333333335}
qid__win_freq_map= {0: 0.19887955182072828,
 1: 0.19203236850295674,
 2: 0.20541549953314658,
 3: 0.20261437908496732,
 4: 0.20105820105820105}
fi_l= [0.9757236227824463, 0.019919078742608155, 0.004357298474945534]
WARNING] sim_mdsnk:: ar= 0.0625, n= 5, k= 3, dist_m= {'a': 2, 'dist': 'Pareto', 'l': 3.3333333333333335}
qid__win_freq_map= {0: 0.20369191597708466,
 1: 0.20305537873965626,
 2: 0.19637173774665817,
 3: 0.19287078294080204,
 4: 0.20401018459579887}
fi_l= [0.982176957352005, 0.013049013367281986, 0.004774029280712922]
ET= 6.160346683144161
k= 4
WARNING] sim_mdsnk:: ar= 0.0625, n= 5, k= 4, dist_m= {'a': 2, 'dist': 'Pareto', 'l': 2.5}
qid__win_freq_map= {0: 0.20309050772626933,
 1: 0.1967833491012299,
 2: 0.19930621255124567,
 3: 0.21002838221381268,
 4: 0.19079154840744245}
fi_l= [0.8943550930305897, 0.042888678650268054, 0.0413118889940082, 0.021444339325134027]
WARNING] sim_mdsnk:: ar= 0.0625, n= 5, k= 4, dist_m= {'a': 2, 'dist': 'Pareto', 'l': 2.5}
qid__win_freq_map= {0: 0.19818976279650438,
 1: 0.20068664169787764,
 2: 0.19912609238451934,
 3: 0.21161048689138576,
 4: 0.19038701622971285}
fi_l= [0.9085518102372035, 0.03932584269662921, 0.0299625468164794, 0.02215980024968789]
WARNING] sim_mdsnk:: ar= 0.0625, n= 5, k= 4, dist_m= {'a': 2, 'dist': 'Pareto', 'l': 2.5}
qid__win_freq_map= {0: 0.20545277507302823,
 1: 0.2074001947419669,
 2: 0.186952288218111,
 3: 0.20577734501785136,
 4: 0.19441739694904253}
fi_l= [0.9094449853943525, 0.034079844206426485, 0.03148328464784161, 0.024991885751379422]
WARNING] sim_mdsnk:: ar= 0.0625, n= 5, k= 4, dist_m= {'a': 2, 'dist': 'Pareto', 'l': 2.5}
qid__win_freq_map= {0: 0.18990617923002265,
 1: 0.2060821740537043,
 2: 0.2060821740537043,
 3: 0.19864121643481075,
 4: 0.199288256227758}
fi_l= [0.91006146878033, 0.0459398252992559, 0.02685215140731155, 0.017146554513102555]
WARNING] sim_mdsnk:: ar= 0.0625, n= 5, k= 4, dist_m= {'a': 2, 'dist': 'Pareto', 'l': 2.5}
qid__win_freq_map= {0: 0.20494469746258945,
 1: 0.19876382563435263,
 2: 0.19908913467794404,
 3: 0.2059206245933637,
 4: 0.19128171763175017}
fi_l= [0.9102147039687704, 0.034808067664281066, 0.0302537410540013, 0.0247234873129473]
WARNING] sim_mdsnk:: ar= 0.0625, n= 5, k= 4, dist_m= {'a': 2, 'dist': 'Pareto', 'l': 2.5}
qid__win_freq_map= {0: 0.191025641025641,
 1: 0.2016025641025641,
 2: 0.20576923076923076,
 3: 0.20448717948717948,
 4: 0.1971153846153846}
fi_l= [0.9102564102564102, 0.0375, 0.03076923076923077, 0.021474358974358974]
WARNING] sim_mdsnk:: ar= 0.0625, n= 5, k= 4, dist_m= {'a': 2, 'dist': 'Pareto', 'l': 2.5}
qid__win_freq_map= {0: 0.20284810126582278,
 1: 0.1911392405063291,
 2: 0.20221518987341772,
 3: 0.21012658227848102,
 4: 0.19367088607594937}
fi_l= [0.915506329113924, 0.03575949367088608, 0.03354430379746835, 0.015189873417721518]
WARNING] sim_mdsnk:: ar= 0.0625, n= 5, k= 4, dist_m= {'a': 2, 'dist': 'Pareto', 'l': 2.5}
qid__win_freq_map= {0: 0.18832634633989037,
 1: 0.2015478877781361,
 2: 0.2092873266688165,
 3: 0.19574330861012576,
 4: 0.20509513060303128}
fi_l= [0.910351499516285, 0.035794904869396967, 0.03611738148984198, 0.017736214124475975]
WARNING] sim_mdsnk:: ar= 0.0625, n= 5, k= 4, dist_m= {'a': 2, 'dist': 'Pareto', 'l': 2.5}
qid__win_freq_map= {0: 0.21170731707317073,
 1: 0.1886178861788618,
 2: 0.20065040650406504,
 3: 0.19967479674796748,
 4: 0.19934959349593495}
fi_l= [0.9099186991869919, 0.04, 0.02991869918699187, 0.020162601626016262]
WARNING] sim_mdsnk:: ar= 0.0625, n= 5, k= 4, dist_m= {'a': 2, 'dist': 'Pareto', 'l': 2.5}
qid__win_freq_map= {0: 0.20620842572062084,
 1: 0.19132087424770353,
 2: 0.19290465631929046,
 3: 0.20525815647766868,
 4: 0.2043078872347165}
fi_l= [0.9056065885334178, 0.04371238517579981, 0.028824833702882482, 0.021856192587899906]
ET= 6.092526985057044
k= 5
WARNING] sim_mdsnk:: ar= 0.0625, n= 5, k= 5, dist_m= {'a': 2, 'dist': 'Pareto', 'l': 2.0}
qid__win_freq_map= {0: 0.19450876612636453,
 1: 0.19715514389679126,
 2: 0.19682434667548793,
 3: 0.214356599404565,
 4: 0.19715514389679126}
fi_l= [0.670195170360569, 0.022825008269930534, 0.04068805822031095, 0.05590473040026464, 0.2103870327489249]
WARNING] sim_mdsnk:: ar= 0.0625, n= 5, k= 5, dist_m= {'a': 2, 'dist': 'Pareto', 'l': 2.0}
qid__win_freq_map= {0: 0.18564437194127242,
 1: 0.21402936378466558,
 2: 0.18466557911908646,
 3: 0.1895595432300163,
 4: 0.22610114192495923}
fi_l= [0.6796084828711256, 0.026753670473083198, 0.04013050570962479, 0.07406199021207178, 0.17944535073409462]
WARNING] sim_mdsnk:: ar= 0.0625, n= 5, k= 5, dist_m= {'a': 2, 'dist': 'Pareto', 'l': 2.0}
qid__win_freq_map= {0: 0.19495046340683925,
 1: 0.2122083732821988,
 2: 0.20837328219878556,
 3: 0.18855864493448385,
 4: 0.19590923617769254}
fi_l= [0.6807286673058485, 0.023969319271332695, 0.03867050175775008, 0.0655161393416427, 0.191115372323426]
WARNING] sim_mdsnk:: ar= 0.0625, n= 5, k= 5, dist_m= {'a': 2, 'dist': 'Pareto', 'l': 2.0}
qid__win_freq_map= {0: 0.19841006955945678,
 1: 0.18019211659489898,
 2: 0.22656508777740975,
 3: 0.19874130506790327,
 4: 0.19609142100033122}
fi_l= [0.6720768466379596, 0.02782378270950646, 0.041073203047366676, 0.06359721762172905, 0.19542894998343824]
WARNING] sim_mdsnk:: ar= 0.0625, n= 5, k= 5, dist_m= {'a': 2, 'dist': 'Pareto', 'l': 2.0}
qid__win_freq_map= {0: 0.2010921940250562,
 1: 0.20044972695149374,
 2: 0.19948602634115,
 3: 0.2001284934147125,
 4: 0.19884355926758754}
fi_l= [0.6977192418888531, 0.03662062319306136, 0.03565692258271764, 0.06264053967234179, 0.167362672663026]
WARNING] sim_mdsnk:: ar= 0.0625, n= 5, k= 5, dist_m= {'a': 2, 'dist': 'Pareto', 'l': 2.0}
qid__win_freq_map= {0: 0.1796927187708751,
 1: 0.21476285905143622,
 2: 0.20273881095524382,
 3: 0.21409485637942552,
 4: 0.18871075484301938}
fi_l= [0.6603206412825652, 0.03006012024048096, 0.035404141616566465, 0.06346025384101536, 0.21075484301937208]
WARNING] sim_mdsnk:: ar= 0.0625, n= 5, k= 5, dist_m= {'a': 2, 'dist': 'Pareto', 'l': 2.0}
qid__win_freq_map= {0: 0.18783826806749443,
 1: 0.18974848774275707,
 2: 0.1731932505571474,
 3: 0.27188793377905124,
 4: 0.17733205985354983}
fi_l= [0.6138172556510665, 0.027698185291308502, 0.04234320280165552, 0.06176376950015919, 0.25437758675581024]
WARNING] sim_mdsnk:: ar= 0.0625, n= 5, k= 5, dist_m= {'a': 2, 'dist': 'Pareto', 'l': 2.0}
qid__win_freq_map= {0: 0.2078003120124805,
 1: 0.20561622464898596,
 2: 0.19469578783151326,
 3: 0.20686427457098283,
 4: 0.18502340093603745}
fi_l= [0.675195007800312, 0.029017160686427457, 0.0421216848673947, 0.06770670826833074, 0.1859594383775351]
WARNING] sim_mdsnk:: ar= 0.0625, n= 5, k= 5, dist_m= {'a': 2, 'dist': 'Pareto', 'l': 2.0}
qid__win_freq_map= {0: 0.19591307168342523,
 1: 0.17839766461239054,
 2: 0.20888744729159908,
 3: 0.20921180668180345,
 4: 0.2075900097307817}
fi_l= [0.6759649691858579, 0.025624391826143365, 0.03373337658125203, 0.06487187804086929, 0.1998053843658774]
WARNING] sim_mdsnk:: ar= 0.0625, n= 5, k= 5, dist_m= {'a': 2, 'dist': 'Pareto', 'l': 2.0}
qid__win_freq_map= {0: 0.18762151652624756,
 1: 0.21743357096565133,
 2: 0.19604666234607906,
 3: 0.19442644199611148,
 4: 0.20447180816591057}
fi_l= [0.6915100453661698, 0.03272845106934543, 0.043745949449125084, 0.0712896953985742, 0.1607258587167855]
ET= 29.870450784659347
> ar= 0.275, n= 5
k= 1
WARNING] sim_mdsnk:: ar= 0.06875, n= 5, k= 1, dist_m= {'a': 2, 'dist': 'Pareto', 'l': 10.0}
qid__win_freq_map= {0: 0.20766773162939298,
 1: 0.18617484751670055,
 2: 0.19750217833284925,
 3: 0.21057217542840545,
 4: 0.19808306709265175}
fi_l= [1.0]
WARNING] sim_mdsnk:: ar= 0.06875, n= 5, k= 1, dist_m= {'a': 2, 'dist': 'Pareto', 'l': 10.0}
qid__win_freq_map= {0: 0.19941944847605225,
 1: 0.19970972423802613,
 2: 0.19825834542815676,
 3: 0.19796806966618288,
 4: 0.204644412191582}
fi_l= [1.0]
WARNING] sim_mdsnk:: ar= 0.06875, n= 5, k= 1, dist_m= {'a': 2, 'dist': 'Pareto', 'l': 10.0}
qid__win_freq_map= {0: 0.20801414260459636,
 1: 0.1882734236888627,
 2: 0.1962286387743076,
 3: 0.20565704183853858,
 4: 0.20182675309369474}
fi_l= [1.0]
WARNING] sim_mdsnk:: ar= 0.06875, n= 5, k= 1, dist_m= {'a': 2, 'dist': 'Pareto', 'l': 10.0}
qid__win_freq_map= {0: 0.20088495575221238,
 1: 0.1926253687315634,
 2: 0.18938053097345134,
 3: 0.21238938053097345,
 4: 0.20471976401179942}
fi_l= [1.0]
WARNING] sim_mdsnk:: ar= 0.06875, n= 5, k= 1, dist_m= {'a': 2, 'dist': 'Pareto', 'l': 10.0}
qid__win_freq_map= {0: 0.20011451474377326,
 1: 0.19610649871170913,
 2: 0.2075579730890352,
 3: 0.20240480961923848,
 4: 0.19381620383624393}
fi_l= [1.0]
WARNING] sim_mdsnk:: ar= 0.06875, n= 5, k= 1, dist_m= {'a': 2, 'dist': 'Pareto', 'l': 10.0}
qid__win_freq_map= {0: 0.1952920662598082,
 1: 0.1993606509735542,
 2: 0.2002324905550712,
 3: 0.2016855565242662,
 4: 0.2034292356873002}
fi_l= [1.0]
WARNING] sim_mdsnk:: ar= 0.06875, n= 5, k= 1, dist_m= {'a': 2, 'dist': 'Pareto', 'l': 10.0}
qid__win_freq_map= {0: 0.20644975525482293,
 1: 0.2024186582205586,
 2: 0.19953930319608407,
 3: 0.19464439965447738,
 4: 0.19694788367405702}
fi_l= [1.0]
WARNING] sim_mdsnk:: ar= 0.06875, n= 5, k= 1, dist_m= {'a': 2, 'dist': 'Pareto', 'l': 10.0}
qid__win_freq_map= {0: 0.193631669535284,
 1: 0.1959265633964429,
 2: 0.19535283993115318,
 3: 0.21026965002868617,
 4: 0.20481927710843373}
fi_l= [1.0]
WARNING] sim_mdsnk:: ar= 0.06875, n= 5, k= 1, dist_m= {'a': 2, 'dist': 'Pareto', 'l': 10.0}
qid__win_freq_map= {0: 0.20017508024511235,
 1: 0.20426028596440035,
 2: 0.20017508024511235,
 3: 0.20221768310475635,
 4: 0.19317187044061862}
fi_l= [1.0]
WARNING] sim_mdsnk:: ar= 0.06875, n= 5, k= 1, dist_m= {'a': 2, 'dist': 'Pareto', 'l': 10.0}
qid__win_freq_map= {0: 0.20329194340167484,
 1: 0.1978053710655501,
 2: 0.1975166041004909,
 3: 0.19607276927519493,
 4: 0.20531331215708923}
fi_l= [1.0]
ET= 29.7167776440186
k= 2
WARNING] sim_mdsnk:: ar= 0.06875, n= 5, k= 2, dist_m= {'a': 2, 'dist': 'Pareto', 'l': 5.0}
qid__win_freq_map= {0: 0.20191470844212359,
 1: 0.1964026689875254,
 2: 0.20278503046127067,
 3: 0.206266318537859,
 4: 0.19263127357122134}
fi_l= [0.9973890339425587, 0.0026109660574412533]
WARNING] sim_mdsnk:: ar= 0.06875, n= 5, k= 2, dist_m= {'a': 2, 'dist': 'Pareto', 'l': 5.0}
qid__win_freq_map= {0: 0.20321504397937518,
 1: 0.20958447073096756,
 2: 0.1932059447983015,
 3: 0.19563239308462238,
 4: 0.19836214740673339}
fi_l= [0.9993933879284198, 0.0006066120715802245]
WARNING] sim_mdsnk:: ar= 0.06875, n= 5, k= 2, dist_m= {'a': 2, 'dist': 'Pareto', 'l': 5.0}
qid__win_freq_map= {0: 0.2022889842632332,
 1: 0.19284692417739627,
 2: 0.2040057224606581,
 3: 0.20801144492131618,
 4: 0.19284692417739627}
fi_l= [0.9974248927038627, 0.002575107296137339]
WARNING] sim_mdsnk:: ar= 0.06875, n= 5, k= 2, dist_m= {'a': 2, 'dist': 'Pareto', 'l': 5.0}
qid__win_freq_map= {0: 0.1991822429906542,
 1: 0.2003504672897196,
 2: 0.2018107476635514,
 3: 0.1895443925233645,
 4: 0.2091121495327103}
fi_l= [0.9982476635514018, 0.0017523364485981308]
WARNING] sim_mdsnk:: ar= 0.06875, n= 5, k= 2, dist_m= {'a': 2, 'dist': 'Pareto', 'l': 5.0}
qid__win_freq_map= {0: 0.19510135135135134,
 1: 0.20016891891891891,
 2: 0.20045045045045046,
 3: 0.20101351351351351,
 4: 0.20326576576576577}
fi_l= [0.9977477477477478, 0.0022522522522522522]
WARNING] sim_mdsnk:: ar= 0.06875, n= 5, k= 2, dist_m= {'a': 2, 'dist': 'Pareto', 'l': 5.0}
qid__win_freq_map= {0: 0.2078717201166181,
 1: 0.20233236151603498,
 2: 0.20816326530612245,
 3: 0.19504373177842566,
 4: 0.18658892128279883}
fi_l= [0.9982507288629737, 0.001749271137026239]
WARNING] sim_mdsnk:: ar= 0.06875, n= 5, k= 2, dist_m= {'a': 2, 'dist': 'Pareto', 'l': 5.0}
qid__win_freq_map= {0: 0.2048090523338048,
 1: 0.19886845827439886,
 2: 0.20452616690240452,
 3: 0.19575671852899576,
 4: 0.19603960396039605}
fi_l= [0.998019801980198, 0.0019801980198019802]
WARNING] sim_mdsnk:: ar= 0.06875, n= 5, k= 2, dist_m= {'a': 2, 'dist': 'Pareto', 'l': 5.0}
qid__win_freq_map= {0: 0.2014989910637071,
 1: 0.2063995387719804,
 2: 0.19861631594119342,
 3: 0.20005765350245028,
 4: 0.19342750072066878}
fi_l= [0.9982703949264918, 0.0017296050735082155]
WARNING] sim_mdsnk:: ar= 0.06875, n= 5, k= 2, dist_m= {'a': 2, 'dist': 'Pareto', 'l': 5.0}
qid__win_freq_map= {0: 0.1961820851688693,
 1: 0.19676945668135096,
 2: 0.20822320117474302,
 3: 0.20176211453744494,
 4: 0.19706314243759177}
fi_l= [0.9991189427312775, 0.000881057268722467]
WARNING] sim_mdsnk:: ar= 0.06875, n= 5, k= 2, dist_m= {'a': 2, 'dist': 'Pareto', 'l': 5.0}
qid__win_freq_map= {0: 0.1926552025648499,
 1: 0.20227338968230837,
 2: 0.19877586709414166,
 3: 0.19731856601573886,
 4: 0.20897697464296125}
fi_l= [0.9994170795686389, 0.0005829204313611193]
ET= 8.714351148621315
k= 3
WARNING] sim_mdsnk:: ar= 0.06875, n= 5, k= 3, dist_m= {'a': 2, 'dist': 'Pareto', 'l': 3.3333333333333335}
qid__win_freq_map= {0: 0.20686593666765316,
 1: 0.19591595146493046,
 2: 0.1982835158330867,
 3: 0.20035513465522345,
 4: 0.19857946137910623}
fi_l= [0.9760284107724179, 0.019236460491269605, 0.004735128736312519]
WARNING] sim_mdsnk:: ar= 0.06875, n= 5, k= 3, dist_m= {'a': 2, 'dist': 'Pareto', 'l': 3.3333333333333335}
qid__win_freq_map= {0: 0.2028315515746894,
 1: 0.2152557064432245,
 2: 0.19040739670615428,
 3: 0.19849754406240971,
 4: 0.1930078012135221}
fi_l= [0.9771742271019936, 0.01762496388327073, 0.005200809014735626]
WARNING] sim_mdsnk:: ar= 0.06875, n= 5, k= 3, dist_m= {'a': 2, 'dist': 'Pareto', 'l': 3.3333333333333335}
qid__win_freq_map= {0: 0.21336392314310296,
 1: 0.19529681674792085,
 2: 0.19501003728133065,
 3: 0.19959850874677373,
 4: 0.1967307140808718}
fi_l= [0.981932893604818, 0.012905075996558647, 0.005162030398623459]
WARNING] sim_mdsnk:: ar= 0.06875, n= 5, k= 3, dist_m= {'a': 2, 'dist': 'Pareto', 'l': 3.3333333333333335}
qid__win_freq_map= {0: 0.20925434718538166,
 1: 0.18980253463012084,
 2: 0.1971706454465075,
 3: 0.20394930739758327,
 4: 0.19982316534040673}
fi_l= [0.9814323607427056, 0.01444149720011789, 0.00412614205717654]
WARNING] sim_mdsnk:: ar= 0.06875, n= 5, k= 3, dist_m= {'a': 2, 'dist': 'Pareto', 'l': 3.3333333333333335}
qid__win_freq_map= {0: 0.206801216477744,
 1: 0.19435996682333426,
 2: 0.19933646668509813,
 3: 0.1974011611833011,
 4: 0.20210118883052253}
fi_l= [0.9715233619021288, 0.020735416090682888, 0.007741222007188278]
WARNING] sim_mdsnk:: ar= 0.06875, n= 5, k= 3, dist_m= {'a': 2, 'dist': 'Pareto', 'l': 3.3333333333333335}
qid__win_freq_map= {0: 0.20372010628875112,
 1: 0.1966341895482728,
 2: 0.19929140832595216,
 3: 0.19781517567168586,
 4: 0.20253912016533807}
fi_l= [0.9822852081488043, 0.012400354295837024, 0.005314437555358724]
WARNING] sim_mdsnk:: ar= 0.06875, n= 5, k= 3, dist_m= {'a': 2, 'dist': 'Pareto', 'l': 3.3333333333333335}
qid__win_freq_map= {0: 0.1973119816985988,
 1: 0.20960823563054046,
 2: 0.2070346010866457,
 3: 0.19130683442951102,
 4: 0.19473834715470403}
fi_l= [0.9785530454675436, 0.015727766657134688, 0.005719187875321705]
WARNING] sim_mdsnk:: ar= 0.06875, n= 5, k= 3, dist_m= {'a': 2, 'dist': 'Pareto', 'l': 3.3333333333333335}
qid__win_freq_map= {0: 0.2034139402560455,
 1: 0.2065433854907539,
 2: 0.19743954480796586,
 3: 0.19174964438122333,
 4: 0.20085348506401138}
fi_l= [0.9826458036984352, 0.014793741109530583, 0.0025604551920341396]
WARNING] sim_mdsnk:: ar= 0.06875, n= 5, k= 3, dist_m= {'a': 2, 'dist': 'Pareto', 'l': 3.3333333333333335}
qid__win_freq_map= {0: 0.19104739613809246,
 1: 0.20889409011117613,
 2: 0.2083089526038619,
 3: 0.19748390871854887,
 4: 0.19426565242832067}
fi_l= [0.9795201872440024, 0.0155061439438268, 0.00497366881217086]
WARNING] sim_mdsnk:: ar= 0.06875, n= 5, k= 3, dist_m= {'a': 2, 'dist': 'Pareto', 'l': 3.3333333333333335}
qid__win_freq_map= {0: 0.1919451585261354,
 1: 0.20422736361039703,
 2: 0.20365609825764067,
 3: 0.1968009140245644,
 4: 0.20337046558126248}
fi_l= [0.9768637532133676, 0.01828049128820337, 0.00485575549842902]
ET= 6.3580024648218085
k= 4
WARNING] sim_mdsnk:: ar= 0.06875, n= 5, k= 4, dist_m= {'a': 2, 'dist': 'Pareto', 'l': 2.5}
qid__win_freq_map= {0: 0.1998259860788863,
 1: 0.18851508120649652,
 2: 0.20968677494199536,
 3: 0.19895591647331787,
 4: 0.20301624129930396}
fi_l= [0.8976218097447796, 0.043793503480278426, 0.03857308584686775, 0.020011600928074247]
WARNING] sim_mdsnk:: ar= 0.06875, n= 5, k= 4, dist_m= {'a': 2, 'dist': 'Pareto', 'l': 2.5}
qid__win_freq_map= {0: 0.20293536550945526,
 1: 0.21281399943550663,
 2: 0.1896697713801863,
 3: 0.19333897826700536,
 4: 0.20124188540784646}
fi_l= [0.9037538808918996, 0.038667795653401074, 0.031893875246965846, 0.025684448207733558]
WARNING] sim_mdsnk:: ar= 0.06875, n= 5, k= 4, dist_m= {'a': 2, 'dist': 'Pareto', 'l': 2.5}
qid__win_freq_map= {0: 0.19142106798949518,
 1: 0.19288007003209803,
 2: 0.21388969944557923,
 3: 0.19871607820250947,
 4: 0.20309308433031806}
fi_l= [0.896410854975197, 0.046396264954770935, 0.03034724248613948, 0.026845637583892617]
WARNING] sim_mdsnk:: ar= 0.06875, n= 5, k= 4, dist_m= {'a': 2, 'dist': 'Pareto', 'l': 2.5}
qid__win_freq_map= {0: 0.20689655172413793,
 1: 0.19374634716540035,
 2: 0.20806545879602573,
 3: 0.20689655172413793,
 4: 0.18439509059029807}
fi_l= [0.891291642314436, 0.04500292226767972, 0.035359438924605496, 0.028345996493278784]
WARNING] sim_mdsnk:: ar= 0.06875, n= 5, k= 4, dist_m= {'a': 2, 'dist': 'Pareto', 'l': 2.5}
qid__win_freq_map= {0: 0.21028440103418558,
 1: 0.20597529445561621,
 2: 0.18931341568514795,
 3: 0.2056880206837116,
 4: 0.1887388681413387}
fi_l= [0.9029014650962367, 0.04567652973283539, 0.028440103418557884, 0.02298190175237001]
WARNING] sim_mdsnk:: ar= 0.06875, n= 5, k= 4, dist_m= {'a': 2, 'dist': 'Pareto', 'l': 2.5}
qid__win_freq_map= {0: 0.2029573789504204,
 1: 0.1928095100028994,
 2: 0.19338938822847201,
 3: 0.2009278051609162,
 4: 0.20991591765729198}
fi_l= [0.9028703972165845, 0.04175123224122934, 0.031313424180922006, 0.024064946361264133]
WARNING] sim_mdsnk:: ar= 0.06875, n= 5, k= 4, dist_m= {'a': 2, 'dist': 'Pareto', 'l': 2.5}
qid__win_freq_map= {0: 0.2026674398376341,
 1: 0.20788634386778776,
 2: 0.19483908379240358,
 3: 0.20005798782255726,
 4: 0.1945491446796173}
fi_l= [0.9028703972165845, 0.040011597564511454, 0.03363293708321253, 0.023485068135691504]
WARNING] sim_mdsnk:: ar= 0.06875, n= 5, k= 4, dist_m= {'a': 2, 'dist': 'Pareto', 'l': 2.5}
qid__win_freq_map= {0: 0.19663573085846867,
 1: 0.19721577726218098,
 2: 0.19663573085846867,
 3: 0.2111368909512761,
 4: 0.19837587006960558}
fi_l= [0.8993619489559165, 0.04495359628770302, 0.031902552204176336, 0.023781902552204175]
WARNING] sim_mdsnk:: ar= 0.06875, n= 5, k= 4, dist_m= {'a': 2, 'dist': 'Pareto', 'l': 2.5}
qid__win_freq_map= {0: 0.19480889903023388,
 1: 0.19880205362236167,
 2: 0.2022247575584712,
 3: 0.19851682829435255,
 4: 0.2056474614945807}
fi_l= [0.897033656588705, 0.046491728465487735, 0.03479749001711352, 0.02167712492869367]
WARNING] sim_mdsnk:: ar= 0.06875, n= 5, k= 4, dist_m= {'a': 2, 'dist': 'Pareto', 'l': 2.5}
qid__win_freq_map= {0: 0.212618841832325,
 1: 0.20570440795159897,
 2: 0.188130221838087,
 3: 0.18697781619129933,
 4: 0.2065687121866897}
fi_l= [0.9075194468452895, 0.03831748775569, 0.03255545952175166, 0.021607605877268798]
ET= 6.247397351687341
k= 5
WARNING] sim_mdsnk:: ar= 0.06875, n= 5, k= 5, dist_m= {'a': 2, 'dist': 'Pareto', 'l': 2.0}
qid__win_freq_map= {0: 0.19735656353259237,
 1: 0.20877140282367077,
 2: 0.20366476419345148,
 3: 0.1907479723640733,
 4: 0.19945929708621207}
fi_l= [0.6260138179633523, 0.031240612796635626, 0.04535896665665365, 0.08080504656052868, 0.2165815560228297]
WARNING] sim_mdsnk:: ar= 0.06875, n= 5, k= 5, dist_m= {'a': 2, 'dist': 'Pareto', 'l': 2.0}
qid__win_freq_map= {0: 0.23255813953488372,
 1: 0.18255813953488373,
 2: 0.19680232558139535,
 3: 0.19098837209302325,
 4: 0.19709302325581396}
fi_l= [0.6366279069767442, 0.031395348837209305, 0.0377906976744186, 0.075, 0.2191860465116279]
WARNING] sim_mdsnk:: ar= 0.06875, n= 5, k= 5, dist_m= {'a': 2, 'dist': 'Pareto', 'l': 2.0}
qid__win_freq_map= {0: 0.20141342756183744,
 1: 0.19169611307420495,
 2: 0.18669022379269729,
 3: 0.1869846878680801,
 4: 0.2332155477031802}
fi_l= [0.6404593639575972, 0.026501766784452298, 0.038869257950530034, 0.0706713780918728, 0.2234982332155477]
WARNING] sim_mdsnk:: ar= 0.06875, n= 5, k= 5, dist_m= {'a': 2, 'dist': 'Pareto', 'l': 2.0}
qid__win_freq_map= {0: 0.1832445233866193,
 1: 0.17495559502664298,
 2: 0.21699230313795145,
 3: 0.2217288336293665,
 4: 0.2030787448194198}
fi_l= [0.6527531083481349, 0.03049141503848431, 0.040556542332741266, 0.07223208999407933, 0.2039668442865601]
WARNING] sim_mdsnk:: ar= 0.06875, n= 5, k= 5, dist_m= {'a': 2, 'dist': 'Pareto', 'l': 2.0}
qid__win_freq_map= {0: 0.19579008073817764,
 1: 0.19204152249134948,
 2: 0.20703575547866204,
 3: 0.19261822376009227,
 4: 0.21251441753171857}
fi_l= [0.6516724336793541, 0.03690888119953864, 0.04411764705882353, 0.0853517877739331, 0.18194925028835063]
WARNING] sim_mdsnk:: ar= 0.06875, n= 5, k= 5, dist_m= {'a': 2, 'dist': 'Pareto', 'l': 2.0}
qid__win_freq_map= {0: 0.18667432510051696,
 1: 0.21165996553704766,
 2: 0.21051120045950603,
 3: 0.19816197587593337,
 4: 0.19299253302699598}
fi_l= [0.6392877656519241, 0.03360137851809305, 0.0456634118322803, 0.08041355542791499, 0.2010338885697875]
WARNING] sim_mdsnk:: ar= 0.06875, n= 5, k= 5, dist_m= {'a': 2, 'dist': 'Pareto', 'l': 2.0}
qid__win_freq_map= {0: 0.1865605658709107,
 1: 0.2124963159445918,
 2: 0.1874447391688771,
 3: 0.21102269378131447,
 4: 0.20247568523430592}
fi_l= [0.632183908045977, 0.029177718832891247, 0.03919834954317713, 0.07692307692307693, 0.2225169466548777]
WARNING] sim_mdsnk:: ar= 0.06875, n= 5, k= 5, dist_m= {'a': 2, 'dist': 'Pareto', 'l': 2.0}
qid__win_freq_map= {0: 0.2038638985005767,
 1: 0.18886966551326412,
 2: 0.20617070357554787,
 3: 0.19925028835063438,
 4: 0.20184544405997693}
fi_l= [0.6069780853517878, 0.029700115340253748, 0.04411764705882353, 0.07035755478662054, 0.24884659746251442]
WARNING] sim_mdsnk:: ar= 0.06875, n= 5, k= 5, dist_m= {'a': 2, 'dist': 'Pareto', 'l': 2.0}
qid__win_freq_map= {0: 0.18904188181296616,
 1: 0.20940906483075158,
 2: 0.18244406196213425,
 3: 0.20883534136546184,
 4: 0.21026965002868617}
fi_l= [0.6299483648881239, 0.028973034997131383, 0.04475043029259897, 0.07716580608146874, 0.219162363740677]
WARNING] sim_mdsnk:: ar= 0.06875, n= 5, k= 5, dist_m= {'a': 2, 'dist': 'Pareto', 'l': 2.0}
qid__win_freq_map= {0: 0.20243143907266045,
 1: 0.20327961549335596,
 2: 0.18631608707944586,
 3: 0.21063047780605032,
 4: 0.1973423805484874}
fi_l= [0.6304778060503251, 0.029120723777212327, 0.046366977664687586, 0.08142493638676845, 0.21260955612100652]
ET= 20.401807784940736
> ar= 0.29500000000000004, n= 5
k= 1
WARNING] sim_mdsnk:: ar= 0.07375000000000001, n= 5, k= 1, dist_m= {'a': 2, 'dist': 'Pareto', 'l': 10.0}
qid__win_freq_map= {0: 0.2021709633649932,
 1: 0.20705563093622795,
 2: 0.2010854816824966,
 3: 0.19565807327001355,
 4: 0.19402985074626866}
fi_l= [1.0]
WARNING] sim_mdsnk:: ar= 0.07375000000000001, n= 5, k= 1, dist_m= {'a': 2, 'dist': 'Pareto', 'l': 10.0}
qid__win_freq_map= {0: 0.19859116770522894,
 1: 0.19723652126794908,
 2: 0.19019235979409374,
 3: 0.21078298564074777,
 4: 0.2031969655919805}
fi_l= [1.0]
WARNING] sim_mdsnk:: ar= 0.07375000000000001, n= 5, k= 1, dist_m= {'a': 2, 'dist': 'Pareto', 'l': 10.0}
qid__win_freq_map= {0: 0.19877431388222755,
 1: 0.21662669864108713,
 2: 0.1950439648281375,
 3: 0.19531041833200108,
 4: 0.19424460431654678}
fi_l= [1.0]
WARNING] sim_mdsnk:: ar= 0.07375000000000001, n= 5, k= 1, dist_m= {'a': 2, 'dist': 'Pareto', 'l': 10.0}
qid__win_freq_map= {0: 0.20713710759323853,
 1: 0.18808693319023342,
 2: 0.20928360611752078,
 3: 0.1902334317145157,
 4: 0.20525892138449156}
fi_l= [1.0]
WARNING] sim_mdsnk:: ar= 0.07375000000000001, n= 5, k= 1, dist_m= {'a': 2, 'dist': 'Pareto', 'l': 10.0}
qid__win_freq_map= {0: 0.19162815982603967,
 1: 0.20168524055449852,
 2: 0.21636314215819516,
 3: 0.1872791519434629,
 4: 0.20304430551780375}
fi_l= [1.0]
WARNING] sim_mdsnk:: ar= 0.07375000000000001, n= 5, k= 1, dist_m= {'a': 2, 'dist': 'Pareto', 'l': 10.0}
qid__win_freq_map= {0: 0.19215044971381848,
 1: 0.20686835650040883,
 2: 0.2019623875715454,
 3: 0.19950940310711365,
 4: 0.19950940310711365}
fi_l= [1.0]
WARNING] sim_mdsnk:: ar= 0.07375000000000001, n= 5, k= 1, dist_m= {'a': 2, 'dist': 'Pareto', 'l': 10.0}
qid__win_freq_map= {0: 0.19516129032258064,
 1: 0.2064516129032258,
 2: 0.1975806451612903,
 3: 0.19086021505376344,
 4: 0.2099462365591398}
fi_l= [1.0]
WARNING] sim_mdsnk:: ar= 0.07375000000000001, n= 5, k= 1, dist_m= {'a': 2, 'dist': 'Pareto', 'l': 10.0}
qid__win_freq_map= {0: 0.19967750604676163,
 1: 0.19403386186509003,
 2: 0.20370868046224133,
 3: 0.20048374092985757,
 4: 0.20209621069604944}
fi_l= [1.0]
WARNING] sim_mdsnk:: ar= 0.07375000000000001, n= 5, k= 1, dist_m= {'a': 2, 'dist': 'Pareto', 'l': 10.0}
qid__win_freq_map= {0: 0.20601213458356316,
 1: 0.20573634859349146,
 2: 0.190292333149476,
 3: 0.19360176503033646,
 4: 0.20435741864313292}
fi_l= [1.0]
WARNING] sim_mdsnk:: ar= 0.07375000000000001, n= 5, k= 1, dist_m= {'a': 2, 'dist': 'Pareto', 'l': 10.0}
qid__win_freq_map= {0: 0.19883040935672514,
 1: 0.1998936735778841,
 2: 0.20202020202020202,
 3: 0.19431153641679957,
 4: 0.20494417862838915}
fi_l= [1.0]
ET= 36.432364486798676
k= 2
WARNING] sim_mdsnk:: ar= 0.07375000000000001, n= 5, k= 2, dist_m= {'a': 2, 'dist': 'Pareto', 'l': 5.0}
qid__win_freq_map= {0: 0.20206129644697587,
 1: 0.20748576078112285,
 2: 0.19934906427990237,
 3: 0.18958502847843775,
 4: 0.20151885001356115}
fi_l= [0.9972877678329265, 0.0027122321670735015]
WARNING] sim_mdsnk:: ar= 0.07375000000000001, n= 5, k= 2, dist_m= {'a': 2, 'dist': 'Pareto', 'l': 5.0}
qid__win_freq_map= {0: 0.2005464480874317,
 1: 0.20573770491803278,
 2: 0.20191256830601093,
 3: 0.19699453551912569,
 4: 0.19480874316939892}
fi_l= [0.9978142076502732, 0.002185792349726776]
WARNING] sim_mdsnk:: ar= 0.07375000000000001, n= 5, k= 2, dist_m= {'a': 2, 'dist': 'Pareto', 'l': 5.0}
qid__win_freq_map= {0: 0.2050456253354804,
 1: 0.20182501341921633,
 2: 0.19994632313472893,
 3: 0.1873322597960279,
 4: 0.20585077831454643}
fi_l= [0.9989264626945786, 0.0010735373054213634]
WARNING] sim_mdsnk:: ar= 0.07375000000000001, n= 5, k= 2, dist_m= {'a': 2, 'dist': 'Pareto', 'l': 5.0}
qid__win_freq_map= {0: 0.19812878370941112,
 1: 0.2011557512383049,
 2: 0.19675288937809576,
 3: 0.20060539350577875,
 4: 0.20335718216840948}
fi_l= [0.9991744634012107, 0.000825536598789213]
WARNING] sim_mdsnk:: ar= 0.07375000000000001, n= 5, k= 2, dist_m= {'a': 2, 'dist': 'Pareto', 'l': 5.0}
qid__win_freq_map= {0: 0.20145044319097502,
 1: 0.19554123019070643,
 2: 0.20601665323663712,
 3: 0.2054794520547945,
 4: 0.19151222132688692}
fi_l= [0.997313994090787, 0.0026860059092130005]
WARNING] sim_mdsnk:: ar= 0.07375000000000001, n= 5, k= 2, dist_m= {'a': 2, 'dist': 'Pareto', 'l': 5.0}
qid__win_freq_map= {0: 0.20725673446948872,
 1: 0.2028587135788895,
 2: 0.2045079714128642,
 3: 0.18774051676745465,
 4: 0.1976360637713029}
fi_l= [0.9964266080263882, 0.0035733919736118747]
WARNING] sim_mdsnk:: ar= 0.07375000000000001, n= 5, k= 2, dist_m= {'a': 2, 'dist': 'Pareto', 'l': 5.0}
qid__win_freq_map= {0: 0.20076066286335234,
 1: 0.20972561803857648,
 2: 0.197772344471611,
 3: 0.19750067916327085,
 4: 0.19424069546318934}
fi_l= [0.9989133387666395, 0.0010866612333604998]
WARNING] sim_mdsnk:: ar= 0.07375000000000001, n= 5, k= 2, dist_m= {'a': 2, 'dist': 'Pareto', 'l': 5.0}
qid__win_freq_map= {0: 0.19337931034482758,
 1: 0.2033103448275862,
 2: 0.21075862068965517,
 3: 0.2093793103448276,
 4: 0.18317241379310345}
fi_l= [0.999448275862069, 0.0005517241379310345]
WARNING] sim_mdsnk:: ar= 0.07375000000000001, n= 5, k= 2, dist_m= {'a': 2, 'dist': 'Pareto', 'l': 5.0}
qid__win_freq_map= {0: 0.20725962870601275,
 1: 0.20199501246882792,
 2: 0.1942366306456082,
 3: 0.19201995012468828,
 4: 0.20448877805486285}
fi_l= [0.9961208090883902, 0.0038791909116098642]
WARNING] sim_mdsnk:: ar= 0.07375000000000001, n= 5, k= 2, dist_m= {'a': 2, 'dist': 'Pareto', 'l': 5.0}
qid__win_freq_map= {0: 0.20005292405398253,
 1: 0.20190526594337127,
 2: 0.20111140513363324,
 3: 0.19211431595660228,
 4: 0.20481608891241068}
fi_l= [0.9962953162212226, 0.0037046837787774543]
ET= 9.053690519843151
k= 3
WARNING] sim_mdsnk:: ar= 0.07375000000000001, n= 5, k= 3, dist_m= {'a': 2, 'dist': 'Pareto', 'l': 3.3333333333333335}
qid__win_freq_map= {0: 0.1943416181914331,
 1: 0.1935483870967742,
 2: 0.20015864621893178,
 3: 0.20438921205711263,
 4: 0.20756213643574828}
fi_l= [0.9740877842411423, 0.01930195663670016, 0.006610259122157589]
WARNING] sim_mdsnk:: ar= 0.07375000000000001, n= 5, k= 3, dist_m= {'a': 2, 'dist': 'Pareto', 'l': 3.3333333333333335}
qid__win_freq_map= {0: 0.19085002707092583,
 1: 0.19870059556036818,
 2: 0.19436924742826206,
 3: 0.21169463995668653,
 4: 0.20438548998375744}
fi_l= [0.9759068760151597, 0.0192203573362209, 0.004872766648619383]
WARNING] sim_mdsnk:: ar= 0.07375000000000001, n= 5, k= 3, dist_m= {'a': 2, 'dist': 'Pareto', 'l': 3.3333333333333335}
qid__win_freq_map= {0: 0.19829424307036247,
 1: 0.20522388059701493,
 2: 0.19829424307036247,
 3: 0.19189765458422176,
 4: 0.2062899786780384}
fi_l= [0.9792110874200426, 0.014125799573560768, 0.006663113006396588]
WARNING] sim_mdsnk:: ar= 0.07375000000000001, n= 5, k= 3, dist_m= {'a': 2, 'dist': 'Pareto', 'l': 3.3333333333333335}
qid__win_freq_map= {0: 0.20349631248292815,
 1: 0.20131111718109806,
 2: 0.19857962305381044,
 3: 0.20732040426113083,
 4: 0.18929254302103252}
fi_l= [0.9797869434580716, 0.016115815350996994, 0.00409724119093144]
WARNING] sim_mdsnk:: ar= 0.07375000000000001, n= 5, k= 3, dist_m= {'a': 2, 'dist': 'Pareto', 'l': 3.3333333333333335}
qid__win_freq_map= {0: 0.18292360560401796,
 1: 0.20750726936293948,
 2: 0.21305841924398625,
 3: 0.19878403383558021,
 4: 0.19772667195347607}
fi_l= [0.9799101242400211, 0.01506740681998414, 0.0050224689399947136]
WARNING] sim_mdsnk:: ar= 0.07375000000000001, n= 5, k= 3, dist_m= {'a': 2, 'dist': 'Pareto', 'l': 3.3333333333333335}
qid__win_freq_map= {0: 0.2096730613347744,
 1: 0.18805728181572548,
 2: 0.20778168062685762,
 3: 0.19832477708727372,
 4: 0.1961631991353688}
fi_l= [0.9840583626047015, 0.012158875979465009, 0.0037827614158335585]
WARNING] sim_mdsnk:: ar= 0.07375000000000001, n= 5, k= 3, dist_m= {'a': 2, 'dist': 'Pareto', 'l': 3.3333333333333335}
qid__win_freq_map= {0: 0.21032914102221034,
 1: 0.2047096601552047,
 2: 0.18758362322718758,
 3: 0.1956114530371956,
 4: 0.20176612255820175}
fi_l= [0.9735081616269735, 0.018196414236018196, 0.008295424137008296]
WARNING] sim_mdsnk:: ar= 0.07375000000000001, n= 5, k= 3, dist_m= {'a': 2, 'dist': 'Pareto', 'l': 3.3333333333333335}
qid__win_freq_map= {0: 0.19967266775777415,
 1: 0.1972176759410802,
 2: 0.20403709765411893,
 3: 0.196126568466994,
 4: 0.20294599018003273}
fi_l= [0.9847244953627933, 0.01282051282051282, 0.0024549918166939444]
WARNING] sim_mdsnk:: ar= 0.07375000000000001, n= 5, k= 3, dist_m= {'a': 2, 'dist': 'Pareto', 'l': 3.3333333333333335}
qid__win_freq_map= {0: 0.20250749523030798,
 1: 0.20659580267102753,
 2: 0.19623875715453803,
 3: 0.19651131098391933,
 4: 0.19814663396020715}
fi_l= [0.9811937857726901, 0.014717906786590351, 0.004088307440719542]
WARNING] sim_mdsnk:: ar= 0.07375000000000001, n= 5, k= 3, dist_m= {'a': 2, 'dist': 'Pareto', 'l': 3.3333333333333335}
qid__win_freq_map= {0: 0.19596923892866613,
 1: 0.20816759480243968,
 2: 0.19384778573322725,
 3: 0.2047202333598515,
 4: 0.19729514717581542}
fi_l= [0.9787854680456113, 0.016441262264651285, 0.00477326968973747]
ET= 6.450367548438081
k= 4
WARNING] sim_mdsnk:: ar= 0.07375000000000001, n= 5, k= 4, dist_m= {'a': 2, 'dist': 'Pareto', 'l': 2.5}
qid__win_freq_map= {0: 0.19566441441441443,
 1: 0.20326576576576577,
 2: 0.20354729729729729,
 3: 0.20270270270270271,
 4: 0.19481981981981983}
fi_l= [0.8842905405405406, 0.05405405405405406, 0.0365990990990991, 0.025056306306306307]
WARNING] sim_mdsnk:: ar= 0.07375000000000001, n= 5, k= 4, dist_m= {'a': 2, 'dist': 'Pareto', 'l': 2.5}
qid__win_freq_map= {0: 0.19361759184768035,
 1: 0.21560740144810941,
 2: 0.1879860552426924,
 3: 0.21238938053097345,
 4: 0.19039957093054438}
fi_l= [0.88710109949048, 0.04397961920085814, 0.036470903727540895, 0.032448377581120944]
WARNING] sim_mdsnk:: ar= 0.07375000000000001, n= 5, k= 4, dist_m= {'a': 2, 'dist': 'Pareto', 'l': 2.5}
qid__win_freq_map= {0: 0.20319823545629997,
 1: 0.19961400606561897,
 2: 0.1938240970499035,
 3: 0.2040253653156879,
 4: 0.19933829611248965}
fi_l= [0.8910945685139233, 0.04631927212572374, 0.03832368348497381, 0.0242624758753791]
WARNING] sim_mdsnk:: ar= 0.07375000000000001, n= 5, k= 4, dist_m= {'a': 2, 'dist': 'Pareto', 'l': 2.5}
qid__win_freq_map= {0: 0.19825232113599126,
 1: 0.19361004915346805,
 2: 0.18732932823593665,
 3: 0.21572910977607865,
 4: 0.2050791916985254}
fi_l= [0.8836701256144184, 0.04778809393773894, 0.0409612233752048, 0.0275805570726379]
WARNING] sim_mdsnk:: ar= 0.07375000000000001, n= 5, k= 4, dist_m= {'a': 2, 'dist': 'Pareto', 'l': 2.5}
qid__win_freq_map= {0: 0.1932820950754341,
 1: 0.20438371762026758,
 2: 0.19442072302875035,
 3: 0.20865357244520352,
 4: 0.19925989183034443}
fi_l= [0.8889837745516652, 0.04668374608596641, 0.03529746655280387, 0.029035012809564473]
WARNING] sim_mdsnk:: ar= 0.07375000000000001, n= 5, k= 4, dist_m= {'a': 2, 'dist': 'Pareto', 'l': 2.5}
qid__win_freq_map= {0: 0.21245919477693145,
 1: 0.18879216539717084,
 2: 0.2045701849836779,
 3: 0.20375408052230687,
 4: 0.19042437431991294}
fi_l= [0.8985310119695321, 0.03998911860718172, 0.036724700761697496, 0.024755168661588684]
WARNING] sim_mdsnk:: ar= 0.07375000000000001, n= 5, k= 4, dist_m= {'a': 2, 'dist': 'Pareto', 'l': 2.5}
qid__win_freq_map= {0: 0.20280474649406688,
 1: 0.19174757281553398,
 2: 0.19741100323624594,
 3: 0.21817691477885653,
 4: 0.18985976267529667}
fi_l= [0.8867313915857605, 0.053128371089536136, 0.03802588996763754, 0.022114347357065803]
WARNING] sim_mdsnk:: ar= 0.07375000000000001, n= 5, k= 4, dist_m= {'a': 2, 'dist': 'Pareto', 'l': 2.5}
qid__win_freq_map= {0: 0.20675996831264853,
 1: 0.2120411935569052,
 2: 0.18853974121996303,
 3: 0.20121468180617905,
 4: 0.1914444151043042}
fi_l= [0.8935833113282281, 0.046738843411671505, 0.03485608661209401, 0.02482175864800634]
WARNING] sim_mdsnk:: ar= 0.07375000000000001, n= 5, k= 4, dist_m= {'a': 2, 'dist': 'Pareto', 'l': 2.5}
qid__win_freq_map= {0: 0.20445789763346175,
 1: 0.19592735277930656,
 2: 0.20170610897083105,
 3: 0.19977985690698954,
 4: 0.19812878370941112}
fi_l= [0.8951568519537699, 0.04320308200330215, 0.03439735828288387, 0.02724270776004403]
WARNING] sim_mdsnk:: ar= 0.07375000000000001, n= 5, k= 4, dist_m= {'a': 2, 'dist': 'Pareto', 'l': 2.5}
qid__win_freq_map= {0: 0.19950535861500412,
 1: 0.20060456169277274,
 2: 0.19510854630392965,
 3: 0.20637537785105797,
 4: 0.1984061555372355}
fi_l= [0.8881560868370432, 0.03654850233580654, 0.04286892003297609, 0.03242649079417422]
ET= 6.511607987681771
k= 5
WARNING] sim_mdsnk:: ar= 0.07375000000000001, n= 5, k= 5, dist_m= {'a': 2, 'dist': 'Pareto', 'l': 2.0}
qid__win_freq_map= {0: 0.17898727321960467,
 1: 0.20958570268074736,
 2: 0.190089358245329,
 3: 0.21256431085838073,
 4: 0.20877335499593827}
fi_l= [0.6003249390739236, 0.037909558624424584, 0.04684538315732467, 0.07419442187923098, 0.24072569726509613]
WARNING] sim_mdsnk:: ar= 0.07375000000000001, n= 5, k= 5, dist_m= {'a': 2, 'dist': 'Pareto', 'l': 2.0}
qid__win_freq_map= {0: 0.19660460021905804,
 1: 0.19112814895947425,
 2: 0.21768893756845564,
 3: 0.192223439211391,
 4: 0.20235487404162103}
fi_l= [0.5813253012048193, 0.03450164293537788, 0.04326396495071194, 0.08214676889375684, 0.25876232201533406]
WARNING] sim_mdsnk:: ar= 0.07375000000000001, n= 5, k= 5, dist_m= {'a': 2, 'dist': 'Pareto', 'l': 2.0}
qid__win_freq_map= {0: 0.19714516563425802,
 1: 0.20468623754376514,
 2: 0.2009157015890116,
 3: 0.2014543495825478,
 4: 0.19579854565041746}
fi_l= [0.5989765688122812, 0.025855103689738757, 0.04201454349582548, 0.07460274710476704, 0.25855103689738757]
WARNING] sim_mdsnk:: ar= 0.07375000000000001, n= 5, k= 5, dist_m= {'a': 2, 'dist': 'Pareto', 'l': 2.0}
qid__win_freq_map= {0: 0.1826110656854729,
 1: 0.2019623875715454,
 2: 0.20904878713545924,
 3: 0.20250749523030798,
 4: 0.2038702643772145}
fi_l= [0.6127010084491687, 0.03243390569637503, 0.04633415099482148, 0.08394657944944127, 0.2245843554101935]
WARNING] sim_mdsnk:: ar= 0.07375000000000001, n= 5, k= 5, dist_m= {'a': 2, 'dist': 'Pareto', 'l': 2.0}
qid__win_freq_map= {0: 0.2180409518539015,
 1: 0.20475926950747095,
 2: 0.1906474820143885,
 3: 0.19479800774764802,
 4: 0.19175428887659104}
fi_l= [0.6181516325401217, 0.03818483674598783, 0.05118981737686774, 0.07802988378527947, 0.2144438295517432]
WARNING] sim_mdsnk:: ar= 0.07375000000000001, n= 5, k= 5, dist_m= {'a': 2, 'dist': 'Pareto', 'l': 2.0}
qid__win_freq_map= {0: 0.20634920634920634,
 1: 0.19854721549636803,
 2: 0.2144202313693839,
 3: 0.18966908797417273,
 4: 0.19101425881086898}
fi_l= [0.6123217648641377, 0.037933817594834544, 0.040624159268227066, 0.09066451439332796, 0.2184557438794727]
WARNING] sim_mdsnk:: ar= 0.07375000000000001, n= 5, k= 5, dist_m= {'a': 2, 'dist': 'Pareto', 'l': 2.0}
qid__win_freq_map= {0: 0.20754716981132076,
 1: 0.18676510801203172,
 2: 0.22286026797921793,
 3: 0.19934372436423298,
 4: 0.1834837298331966}
fi_l= [0.6097894449001914, 0.03418102269619907, 0.04703308722996992, 0.07082307902652447, 0.23817336614711512]
WARNING] sim_mdsnk:: ar= 0.07375000000000001, n= 5, k= 5, dist_m= {'a': 2, 'dist': 'Pareto', 'l': 2.0}
qid__win_freq_map= {0: 0.22124137931034482,
 1: 0.19448275862068964,
 2: 0.21048275862068966,
 3: 0.17710344827586208,
 4: 0.1966896551724138}
fi_l= [0.6162758620689656, 0.03668965517241379, 0.048827586206896555, 0.0750344827586207, 0.22317241379310346]
WARNING] sim_mdsnk:: ar= 0.07375000000000001, n= 5, k= 5, dist_m= {'a': 2, 'dist': 'Pareto', 'l': 2.0}
qid__win_freq_map= {0: 0.21079484425349088,
 1: 0.17346938775510204,
 2: 0.18152524167561762,
 3: 0.21052631578947367,
 4: 0.2236842105263158}
fi_l= [0.5840494092373791, 0.03356605800214823, 0.048603651987110634, 0.08566058002148227, 0.24812030075187969]
WARNING] sim_mdsnk:: ar= 0.07375000000000001, n= 5, k= 5, dist_m= {'a': 2, 'dist': 'Pareto', 'l': 2.0}
qid__win_freq_map= {0: 0.21527960094512996,
 1: 0.20189025991073772,
 2: 0.2032029404043056,
 3: 0.17537411394066685,
 4: 0.20425308479915988}
fi_l= [0.585455500131268, 0.03334208453662379, 0.04961932265686532, 0.08164872669992124, 0.2499343659753216]
ET= 16.60657810294035
WARNING] plot_Nnk:: done; N= 20.
m
WARNING] plot_mds_n2:: n= 3, k= 2, dist_m={'D': 1, 'dist': 'SExp', 'mu': 0.25}
WARNING] sim_mdsnk:: ar= 0.05, n= 3, k= 2, dist_m= {'D': 1, 'dist': 'SExp', 'mu': 0.25}
qid__win_freq_map= {0: 0.3235294117647059, 1: 0.32891466445733225, 2: 0.3475559237779619}
fi_l= [0.9531897265948633, 0.0468102734051367]
WARNING] sim_mdsnk:: ar= 0.05, n= 3, k= 2, dist_m= {'D': 1, 'dist': 'SExp', 'mu': 0.25}
qid__win_freq_map= {0: 0.333852140077821, 1: 0.33073929961089493, 2: 0.335408560311284}
fi_l= [0.9428015564202334, 0.057198443579766535]
WARNING] sim_mdsnk:: ar= 0.05, n= 3, k= 2, dist_m= {'D': 1, 'dist': 'SExp', 'mu': 0.25}
qid__win_freq_map= {0: 0.32537067545304776, 1: 0.32495881383855024, 2: 0.349670510708402}
fi_l= [0.9596375617792422, 0.04036243822075782]
WARNING] sim_mdsnk:: ar= 0.05, n= 3, k= 2, dist_m= {'D': 1, 'dist': 'SExp', 'mu': 0.25}
qid__win_freq_map= {0: 0.3273542600896861, 1: 0.3452914798206278, 2: 0.3273542600896861}
fi_l= [0.9588259274357929, 0.0411740725642071]
WARNING] sim_mdsnk:: ar= 0.05, n= 3, k= 2, dist_m= {'D': 1, 'dist': 'SExp', 'mu': 0.25}
qid__win_freq_map= {0: 0.32673267326732675, 1: 0.33544554455445547, 2: 0.33782178217821784}
fi_l= [0.9512871287128712, 0.048712871287128715]
ET_sim= 4.958426028097951
ET_sm= 5.11702126002569
ET_approx= 4.2415516184604
ET_varkigauri_lb= None
WARNING] sim_mdsnk:: ar= 0.07124966123861443, n= 3, k= 2, dist_m= {'D': 1, 'dist': 'SExp', 'mu': 0.25}
qid__win_freq_map= {0: 0.32934131736526945, 1: 0.33048189335614486, 2: 0.3401767892785857}
fi_l= [0.9404049044767607, 0.05959509552323924]
WARNING] sim_mdsnk:: ar= 0.07124966123861443, n= 3, k= 2, dist_m= {'D': 1, 'dist': 'SExp', 'mu': 0.25}
qid__win_freq_map= {0: 0.33700137551581844, 1: 0.3389270976616231, 2: 0.32407152682255846}
fi_l= [0.9262723521320495, 0.07372764786795048]
WARNING] sim_mdsnk:: ar= 0.07124966123861443, n= 3, k= 2, dist_m= {'D': 1, 'dist': 'SExp', 'mu': 0.25}
qid__win_freq_map= {0: 0.34244235695986336, 1: 0.3339026473099915, 2: 0.32365499573014517}
fi_l= [0.9322516367776829, 0.0677483632223171]
WARNING] sim_mdsnk:: ar= 0.07124966123861443, n= 3, k= 2, dist_m= {'D': 1, 'dist': 'SExp', 'mu': 0.25}
qid__win_freq_map= {0: 0.3269395934726596, 1: 0.34812482107071285, 2: 0.32493558545662754}
fi_l= [0.9312911537360435, 0.06870884626395649]
WARNING] sim_mdsnk:: ar= 0.07124966123861443, n= 3, k= 2, dist_m= {'D': 1, 'dist': 'SExp', 'mu': 0.25}
qid__win_freq_map= {0: 0.33051086649731864, 1: 0.3386960203217612, 2: 0.33079311318092014}
fi_l= [0.930567315834039, 0.06943268416596104]
ET_sim= 5.29100232911326
ET_sm= 5.59884600865037
ET_approx= 4.57224759654441
ET_varkigauri_lb= None
WARNING] sim_mdsnk:: ar= 0.09249932247722886, n= 3, k= 2, dist_m= {'D': 1, 'dist': 'SExp', 'mu': 0.25}
qid__win_freq_map= {0: 0.341688654353562, 1: 0.3258575197889182, 2: 0.3324538258575198}
fi_l= [0.9078715919085312, 0.09212840809146877]
WARNING] sim_mdsnk:: ar= 0.09249932247722886, n= 3, k= 2, dist_m= {'D': 1, 'dist': 'SExp', 'mu': 0.25}
qid__win_freq_map= {0: 0.34295344428059826, 1: 0.32589003581209186, 2: 0.3311565199073099}
fi_l= [0.9049926269222667, 0.09500737307773331]
WARNING] sim_mdsnk:: ar= 0.09249932247722886, n= 3, k= 2, dist_m= {'D': 1, 'dist': 'SExp', 'mu': 0.25}
qid__win_freq_map= {0: 0.3350197976242851, 1: 0.3317201935767708, 2: 0.33326000879894413}
fi_l= [0.9144302683677958, 0.08556973163220413]
WARNING] sim_mdsnk:: ar= 0.09249932247722886, n= 3, k= 2, dist_m= {'D': 1, 'dist': 'SExp', 'mu': 0.25}
qid__win_freq_map= {0: 0.3154319677350881, 1: 0.3351729993631925, 2: 0.34939503290171936}
fi_l= [0.9025684568032265, 0.09743154319677351]
WARNING] sim_mdsnk:: ar= 0.09249932247722886, n= 3, k= 2, dist_m= {'D': 1, 'dist': 'SExp', 'mu': 0.25}
qid__win_freq_map= {0: 0.33319176045869614, 1: 0.3227861541728605, 2: 0.3440220853684434}
fi_l= [0.9125079634741984, 0.08749203652580166]
ET_sim= 5.709503317271791
ET_sm= 6.2287667928407
ET_approx= 4.98092618536972
ET_varkigauri_lb= None
WARNING] sim_mdsnk:: ar= 0.11374898371584329, n= 3, k= 2, dist_m= {'D': 1, 'dist': 'SExp', 'mu': 0.25}
qid__win_freq_map= {0: 0.33209021488190377, 1: 0.3292488012786361, 2: 0.33866098383946014}
fi_l= [0.8815485704137809, 0.11845142958621914]
WARNING] sim_mdsnk:: ar= 0.11374898371584329, n= 3, k= 2, dist_m= {'D': 1, 'dist': 'SExp', 'mu': 0.25}
qid__win_freq_map= {0: 0.3260560880369187, 1: 0.34149804756833513, 2: 0.33244586439474616}
fi_l= [0.8833865814696485, 0.11661341853035144]
WARNING] sim_mdsnk:: ar= 0.11374898371584329, n= 3, k= 2, dist_m= {'D': 1, 'dist': 'SExp', 'mu': 0.25}
qid__win_freq_map= {0: 0.3352981969486824, 1: 0.32558945908460474, 2: 0.3391123439667129}
fi_l= [0.8817614424410541, 0.11823855755894591]
WARNING] sim_mdsnk:: ar= 0.11374898371584329, n= 3, k= 2, dist_m= {'D': 1, 'dist': 'SExp', 'mu': 0.25}
qid__win_freq_map= {0: 0.3271626913492346, 1: 0.34549661801352793, 2: 0.3273406906372375}
fi_l= [0.8730865076539693, 0.1269134923460306]
WARNING] sim_mdsnk:: ar= 0.11374898371584329, n= 3, k= 2, dist_m= {'D': 1, 'dist': 'SExp', 'mu': 0.25}
qid__win_freq_map= {0: 0.32896600566572237, 1: 0.3452549575070821, 2: 0.32577903682719545}
fi_l= [0.8937677053824362, 0.10623229461756374]
ET_sim= 6.233502095048698
ET_sm= 7.0874617169051
ET_approx= 5.49885850336643
ET_varkigauri_lb= None
WARNING] sim_mdsnk:: ar= 0.1349986449544577, n= 3, k= 2, dist_m= {'D': 1, 'dist': 'SExp', 'mu': 0.25}
qid__win_freq_map= {0: 0.3417441345728198, 1: 0.3353991441640844, 2: 0.3228567212630958}
fi_l= [0.8500811568540653, 0.1499188431459348]
WARNING] sim_mdsnk:: ar= 0.1349986449544577, n= 3, k= 2, dist_m= {'D': 1, 'dist': 'SExp', 'mu': 0.25}
qid__win_freq_map= {0: 0.3237150586113616, 1: 0.33198076345055605, 2: 0.3443041779380824}
fi_l= [0.8471596032461677, 0.1528403967538323]
WARNING] sim_mdsnk:: ar= 0.1349986449544577, n= 3, k= 2, dist_m= {'D': 1, 'dist': 'SExp', 'mu': 0.25}
qid__win_freq_map= {0: 0.3325747231072675, 1: 0.32286451221362467, 2: 0.3445607646791079}
fi_l= [0.8654225458959187, 0.1345774541040813]
WARNING] sim_mdsnk:: ar= 0.1349986449544577, n= 3, k= 2, dist_m= {'D': 1, 'dist': 'SExp', 'mu': 0.25}
qid__win_freq_map= {0: 0.34221891288160833, 1: 0.34177215189873417, 2: 0.3160089352196575}
fi_l= [0.8370811615785555, 0.16291883842144453]
WARNING] sim_mdsnk:: ar= 0.1349986449544577, n= 3, k= 2, dist_m= {'D': 1, 'dist': 'SExp', 'mu': 0.25}
qid__win_freq_map= {0: 0.33676773623785694, 1: 0.3361789814542243, 2: 0.32705328230791875}
fi_l= [0.8485428319105093, 0.15145716808949072]
ET_sim= 6.965310164402261
ET_sm= 8.32721259761357
ET_approx= 6.1766150315716
ET_varkigauri_lb= None
WARNING] sim_mdsnk:: ar= 0.14999849439384189, n= 3, k= 2, dist_m= {'D': 1, 'dist': 'SExp', 'mu': 0.25}
qid__win_freq_map= {0: 0.32516077170418006, 1: 0.34485530546623794, 2: 0.329983922829582}
fi_l= [0.8331993569131833, 0.16680064308681672]
WARNING] sim_mdsnk:: ar= 0.14999849439384189, n= 3, k= 2, dist_m= {'D': 1, 'dist': 'SExp', 'mu': 0.25}
qid__win_freq_map= {0: 0.33302313214570595, 1: 0.333289018877958, 2: 0.3336878489763361}
fi_l= [0.833289018877958, 0.16671098112204202]
WARNING] sim_mdsnk:: ar= 0.14999849439384189, n= 3, k= 2, dist_m= {'D': 1, 'dist': 'SExp', 'mu': 0.25}
qid__win_freq_map= {0: 0.33989501312335957, 1: 0.33241469816272967, 2: 0.32769028871391076}
fi_l= [0.8368766404199475, 0.1631233595800525]
WARNING] sim_mdsnk:: ar= 0.14999849439384189, n= 3, k= 2, dist_m= {'D': 1, 'dist': 'SExp', 'mu': 0.25}
qid__win_freq_map= {0: 0.33169435215946846, 1: 0.3310299003322259, 2: 0.33727574750830563}
fi_l= [0.8358803986710963, 0.16411960132890366]
WARNING] sim_mdsnk:: ar= 0.14999849439384189, n= 3, k= 2, dist_m= {'D': 1, 'dist': 'SExp', 'mu': 0.25}
qid__win_freq_map= {0: 0.3350659736105558, 1: 0.33479941356790616, 2: 0.33013461282153805}
fi_l= [0.8295348527255765, 0.17046514727442355]
ET_sim= 7.485068969592312
ET_sm= 9.59508713926248
ET_approx= 6.79634574147643
ET_varkigauri_lb= None
WARNING] sim_mdsnk:: ar= 0.1649983438332261, n= 3, k= 2, dist_m= {'D': 1, 'dist': 'SExp', 'mu': 0.25}
qid__win_freq_map= {0: 0.32391986483224716, 1: 0.3388848660391021, 2: 0.3371952691286507}
fi_l= [0.8059377262853005, 0.1940622737146995]
WARNING] sim_mdsnk:: ar= 0.1649983438332261, n= 3, k= 2, dist_m= {'D': 1, 'dist': 'SExp', 'mu': 0.25}
qid__win_freq_map= {0: 0.3328966174368747, 1: 0.3325393044306813, 2: 0.33456407813244404}
fi_l= [0.7999047165316817, 0.20009528346831826]
WARNING] sim_mdsnk:: ar= 0.1649983438332261, n= 3, k= 2, dist_m= {'D': 1, 'dist': 'SExp', 'mu': 0.25}
qid__win_freq_map= {0: 0.33033956692913385, 1: 0.3310777559055118, 2: 0.33858267716535434}
fi_l= [0.8031496062992126, 0.1968503937007874]
WARNING] sim_mdsnk:: ar= 0.1649983438332261, n= 3, k= 2, dist_m= {'D': 1, 'dist': 'SExp', 'mu': 0.25}
qid__win_freq_map= {0: 0.3290773307636714, 1: 0.3410021681522525, 2: 0.3299205010840761}
fi_l= [0.8067935437244037, 0.19320645627559624]
WARNING] sim_mdsnk:: ar= 0.1649983438332261, n= 3, k= 2, dist_m= {'D': 1, 'dist': 'SExp', 'mu': 0.25}
qid__win_freq_map= {0: 0.345850042532507, 1: 0.3318750759509053, 2: 0.3222748815165877}
fi_l= [0.8162595698140722, 0.1837404301859278]
ET_sim= 8.479021938196972
ET_sm= 11.4412700449198
ET_approx= 7.58866128125605
ET_varkigauri_lb= None
WARNING] sim_mdsnk:: ar= 0.1799981932726103, n= 3, k= 2, dist_m= {'D': 1, 'dist': 'SExp', 'mu': 0.25}
qid__win_freq_map= {0: 0.3211221122112211, 1: 0.34092409240924093, 2: 0.33795379537953796}
fi_l= [0.7776677667766777, 0.22233223322332232]
WARNING] sim_mdsnk:: ar= 0.1799981932726103, n= 3, k= 2, dist_m= {'D': 1, 'dist': 'SExp', 'mu': 0.25}
qid__win_freq_map= {0: 0.3388814913448735, 1: 0.33921438082556593, 2: 0.32190412782956057}
fi_l= [0.7893919218819352, 0.2106080781180648]
WARNING] sim_mdsnk:: ar= 0.1799981932726103, n= 3, k= 2, dist_m= {'D': 1, 'dist': 'SExp', 'mu': 0.25}
qid__win_freq_map= {0: 0.3320758903805614, 1: 0.33518251414623323, 2: 0.33274159547320536}
fi_l= [0.789082436480639, 0.21091756351936092]
WARNING] sim_mdsnk:: ar= 0.1799981932726103, n= 3, k= 2, dist_m= {'D': 1, 'dist': 'SExp', 'mu': 0.25}
qid__win_freq_map= {0: 0.3416252072968491, 1: 0.33366500829187395, 2: 0.32470978441127696}
fi_l= [0.7915975677169707, 0.2084024322830293]
WARNING] sim_mdsnk:: ar= 0.1799981932726103, n= 3, k= 2, dist_m= {'D': 1, 'dist': 'SExp', 'mu': 0.25}
qid__win_freq_map= {0: 0.3271577546039494, 1: 0.34457510539161307, 2: 0.3282671400044375}
fi_l= [0.7828932771244731, 0.21710672287552696]
ET_sim= 9.359024055149188
ET_sm= 14.3783294254656
ET_approx= 8.63731695246245
ET_varkigauri_lb= None
WARNING] sim_mdsnk:: ar= 0.19499804271199447, n= 3, k= 2, dist_m= {'D': 1, 'dist': 'SExp', 'mu': 0.25}
qid__win_freq_map= {0: 0.33230420911804054, 1: 0.32458577750334466, 2: 0.3431100133786148}
fi_l= [0.7678295770299475, 0.2321704229700525]
WARNING] sim_mdsnk:: ar= 0.19499804271199447, n= 3, k= 2, dist_m= {'D': 1, 'dist': 'SExp', 'mu': 0.25}
qid__win_freq_map= {0: 0.339082229750539, 1: 0.33723437018786573, 2: 0.3236834000615953}
fi_l= [0.7646032234883482, 0.23539677651165178]
WARNING] sim_mdsnk:: ar= 0.19499804271199447, n= 3, k= 2, dist_m= {'D': 1, 'dist': 'SExp', 'mu': 0.25}
qid__win_freq_map= {0: 0.3229389585244064, 1: 0.34260674615306225, 2: 0.33445429532253135}
fi_l= [0.7682665851421584, 0.23173341485784163]
WARNING] sim_mdsnk:: ar= 0.19499804271199447, n= 3, k= 2, dist_m= {'D': 1, 'dist': 'SExp', 'mu': 0.25}
qid__win_freq_map= {0: 0.33996270975761345, 1: 0.33105448518748704, 2: 0.3289828050548995}
fi_l= [0.7784338098197638, 0.22156619018023618]
WARNING] sim_mdsnk:: ar= 0.19499804271199447, n= 3, k= 2, dist_m= {'D': 1, 'dist': 'SExp', 'mu': 0.25}
qid__win_freq_map= {0: 0.33658386368302196, 1: 0.33258057893656334, 2: 0.3308355573804147}
fi_l= [0.7499486758365839, 0.25005132416341613]
ET_sim= 10.651993025374807
ET_sm= None
ET_approx= 10.0907220996122
ET_varkigauri_lb= None
WARNING] sim_mdsnk:: ar= 0.20999789215137865, n= 3, k= 2, dist_m= {'D': 1, 'dist': 'SExp', 'mu': 0.25}
qid__win_freq_map= {0: 0.32646048109965636, 1: 0.3546200840015273, 2: 0.31891943489881636}
fi_l= [0.7298587247040855, 0.2701412752959145]
WARNING] sim_mdsnk:: ar= 0.20999789215137865, n= 3, k= 2, dist_m= {'D': 1, 'dist': 'SExp', 'mu': 0.25}
qid__win_freq_map= {0: 0.332790653131584, 1: 0.3280980655046926, 2: 0.3391112813637234}
fi_l= [0.7288833556789887, 0.2711166443210113]
WARNING] sim_mdsnk:: ar= 0.20999789215137865, n= 3, k= 2, dist_m= {'D': 1, 'dist': 'SExp', 'mu': 0.25}
qid__win_freq_map= {0: 0.32858228810338275, 1: 0.339129608513873, 2: 0.3322881033827442}
fi_l= [0.7398327632079057, 0.26016723679209425]
WARNING] sim_mdsnk:: ar= 0.20999789215137865, n= 3, k= 2, dist_m= {'D': 1, 'dist': 'SExp', 'mu': 0.25}
qid__win_freq_map= {0: 0.3372257274696299, 1: 0.32215839532912705, 2: 0.34061587720124303}
fi_l= [0.725962896694604, 0.274037103305396]
WARNING] sim_mdsnk:: ar= 0.20999789215137865, n= 3, k= 2, dist_m= {'D': 1, 'dist': 'SExp', 'mu': 0.25}
qid__win_freq_map= {0: 0.338527724665392, 1: 0.33107074569789674, 2: 0.33040152963671127}
fi_l= [0.7340344168260038, 0.26596558317399616]
ET_sim= 12.980807637260483
ET_sm= None
ET_approx= 12.2392450835704
ET_varkigauri_lb= None
WARNING] sim_mdsnk:: ar= 0.22499774159076286, n= 3, k= 2, dist_m= {'D': 1, 'dist': 'SExp', 'mu': 0.25}
qid__win_freq_map= {0: 0.3213242453748783, 1: 0.34000177038151724, 2: 0.3386739842436045}
fi_l= [0.7039922103213242, 0.29600778967867575]
WARNING] sim_mdsnk:: ar= 0.22499774159076286, n= 3, k= 2, dist_m= {'D': 1, 'dist': 'SExp', 'mu': 0.25}
qid__win_freq_map= {0: 0.3280389856511145, 1: 0.33543903979785217, 2: 0.3365219745510333}
fi_l= [0.7169930511686671, 0.2830069488313329]
WARNING] sim_mdsnk:: ar= 0.22499774159076286, n= 3, k= 2, dist_m= {'D': 1, 'dist': 'SExp', 'mu': 0.25}
qid__win_freq_map= {0: 0.3337226015091628, 1: 0.3466582824290334, 2: 0.3196191160618038}
fi_l= [0.7104743083003953, 0.28952569169960474]
WARNING] sim_mdsnk:: ar= 0.22499774159076286, n= 3, k= 2, dist_m= {'D': 1, 'dist': 'SExp', 'mu': 0.25}
qid__win_freq_map= {0: 0.3331853693181818, 1: 0.32484019886363635, 2: 0.3419744318181818}
fi_l= [0.7128018465909091, 0.2871981534090909]
WARNING] sim_mdsnk:: ar= 0.22499774159076286, n= 3, k= 2, dist_m= {'D': 1, 'dist': 'SExp', 'mu': 0.25}
qid__win_freq_map= {0: 0.3392380274167705, 1: 0.3316717108776927, 2: 0.3290902617055368}
fi_l= [0.718800071212391, 0.281199928787609]
ET_sim= 16.168810578225944
ET_sm= None
ET_approx= 15.7382963870365
ET_varkigauri_lb= None
WARNING] plot_mds_n2:: done; n= 3
m
WARNING] plot_mds_n2:: n= 3, k= 2, dist_m={'mu': 0.5, 'dist': 'SExp', 'D': 1}
WARNING] sim_mdsnk:: ar= 0.05, n= 3, k= 2, dist_m= {'mu': 0.5, 'dist': 'SExp', 'D': 1}
qid__win_freq_map= {0: 0.33400891771382246, 1: 0.3198216457235509, 2: 0.34616943656262666}
fi_l= [0.9862180786380219, 0.013781921361978111]
WARNING] sim_mdsnk:: ar= 0.05, n= 3, k= 2, dist_m= {'mu': 0.5, 'dist': 'SExp', 'D': 1}
qid__win_freq_map= {0: 0.34730056406124094, 1: 0.32634971796937956, 2: 0.32634971796937956}
fi_l= [0.9798549556809025, 0.020145044319097503]
WARNING] sim_mdsnk:: ar= 0.05, n= 3, k= 2, dist_m= {'mu': 0.5, 'dist': 'SExp', 'D': 1}
qid__win_freq_map= {0: 0.32875050545895673, 1: 0.33077234128588756, 2: 0.3404771532551557}
fi_l= [0.9822078447230085, 0.017792155276991507]
WARNING] sim_mdsnk:: ar= 0.05, n= 3, k= 2, dist_m= {'mu': 0.5, 'dist': 'SExp', 'D': 1}
qid__win_freq_map= {0: 0.3427876823338736, 1: 0.3286061588330632, 2: 0.3286061588330632}
fi_l= [0.9837925445705025, 0.01620745542949757]
WARNING] sim_mdsnk:: ar= 0.05, n= 3, k= 2, dist_m= {'mu': 0.5, 'dist': 'SExp', 'D': 1}
qid__win_freq_map= {0: 0.3236882716049383, 1: 0.33796296296296297, 2: 0.33834876543209874}
fi_l= [0.9830246913580247, 0.016975308641975308]
ET_sim= 2.8527228090313983
ET_sm= 2.91346149098843
ET_approx= 2.52526436859922
ET_varkigauri_lb= None
WARNING] sim_mdsnk:: ar= 0.09374811793722454, n= 3, k= 2, dist_m= {'mu': 0.5, 'dist': 'SExp', 'D': 1}
qid__win_freq_map= {0: 0.33278145695364236, 1: 0.3309188741721854, 2: 0.3362996688741722}
fi_l= [0.9631622516556292, 0.03683774834437086]
WARNING] sim_mdsnk:: ar= 0.09374811793722454, n= 3, k= 2, dist_m= {'mu': 0.5, 'dist': 'SExp', 'D': 1}
qid__win_freq_map= {0: 0.3343989769820972, 1: 0.33631713554987214, 2: 0.32928388746803067}
fi_l= [0.960997442455243, 0.03900255754475703]
WARNING] sim_mdsnk:: ar= 0.09374811793722454, n= 3, k= 2, dist_m= {'mu': 0.5, 'dist': 'SExp', 'D': 1}
qid__win_freq_map= {0: 0.33312155866158405, 1: 0.3282507412113511, 2: 0.3386277001270648}
fi_l= [0.9629394324438797, 0.03706056755612029]
WARNING] sim_mdsnk:: ar= 0.09374811793722454, n= 3, k= 2, dist_m= {'mu': 0.5, 'dist': 'SExp', 'D': 1}
qid__win_freq_map= {0: 0.3304757822546078, 1: 0.3259751393056151, 2: 0.3435490784397771}
fi_l= [0.964852121731676, 0.035147878268324044]
WARNING] sim_mdsnk:: ar= 0.09374811793722454, n= 3, k= 2, dist_m= {'mu': 0.5, 'dist': 'SExp', 'D': 1}
qid__win_freq_map= {0: 0.337738301559792, 1: 0.3344887348353553, 2: 0.3277729636048527}
fi_l= [0.9623050259965338, 0.037694974003466206]
ET_sim= 3.122209437732669
ET_sm= 3.20137452102514
ET_approx= 2.74010685334148
ET_varkigauri_lb= None
WARNING] sim_mdsnk:: ar= 0.1374962358744491, n= 3, k= 2, dist_m= {'mu': 0.5, 'dist': 'SExp', 'D': 1}
qid__win_freq_map= {0: 0.32702312138728323, 1: 0.33135838150289015, 2: 0.3416184971098266}
fi_l= [0.9458092485549133, 0.054190751445086706]
WARNING] sim_mdsnk:: ar= 0.1374962358744491, n= 3, k= 2, dist_m= {'mu': 0.5, 'dist': 'SExp', 'D': 1}
qid__win_freq_map= {0: 0.3394074074074074, 1: 0.3201481481481481, 2: 0.34044444444444444}
fi_l= [0.945037037037037, 0.05496296296296296]
WARNING] sim_mdsnk:: ar= 0.1374962358744491, n= 3, k= 2, dist_m= {'mu': 0.5, 'dist': 'SExp', 'D': 1}
qid__win_freq_map= {0: 0.33636751528943254, 1: 0.3264116057459821, 2: 0.3372208789645854}
fi_l= [0.9428246337647561, 0.05717536623524392]
WARNING] sim_mdsnk:: ar= 0.1374962358744491, n= 3, k= 2, dist_m= {'mu': 0.5, 'dist': 'SExp', 'D': 1}
qid__win_freq_map= {0: 0.32715777091604176, 1: 0.3318629613292163, 2: 0.34097926775474197}
fi_l= [0.9457432730480811, 0.054256726951918834]
WARNING] sim_mdsnk:: ar= 0.1374962358744491, n= 3, k= 2, dist_m= {'mu': 0.5, 'dist': 'SExp', 'D': 1}
qid__win_freq_map= {0: 0.337603062426384, 1: 0.3367196702002356, 2: 0.32567726737338043}
fi_l= [0.9480270906949352, 0.051972909305064784]
ET_sim= 3.382606375413051
ET_sm= 3.59535452582616
ET_approx= 3.01953436546372
ET_varkigauri_lb= None
WARNING] sim_mdsnk:: ar= 0.1812443538116736, n= 3, k= 2, dist_m= {'mu': 0.5, 'dist': 'SExp', 'D': 1}
qid__win_freq_map= {0: 0.33122923588039865, 1: 0.33942414174972313, 2: 0.32934662236987816}
fi_l= [0.9174972314507198, 0.08250276854928018]
WARNING] sim_mdsnk:: ar= 0.1812443538116736, n= 3, k= 2, dist_m= {'mu': 0.5, 'dist': 'SExp', 'D': 1}
qid__win_freq_map= {0: 0.34217298869866847, 1: 0.32729103726082576, 2: 0.3305359740405058}
fi_l= [0.9246950878370818, 0.07530491216291821]
WARNING] sim_mdsnk:: ar= 0.1812443538116736, n= 3, k= 2, dist_m= {'mu': 0.5, 'dist': 'SExp', 'D': 1}
qid__win_freq_map= {0: 0.33056937534549474, 1: 0.3282476506357103, 2: 0.34118297401879494}
fi_l= [0.9149806522940851, 0.08501934770591486]
WARNING] sim_mdsnk:: ar= 0.1812443538116736, n= 3, k= 2, dist_m= {'mu': 0.5, 'dist': 'SExp', 'D': 1}
qid__win_freq_map= {0: 0.32998897464167587, 1: 0.33252480705622933, 2: 0.3374862183020948}
fi_l= [0.9213891951488423, 0.07861080485115766]
WARNING] sim_mdsnk:: ar= 0.1812443538116736, n= 3, k= 2, dist_m= {'mu': 0.5, 'dist': 'SExp', 'D': 1}
qid__win_freq_map= {0: 0.3379014989293362, 1: 0.32944325481798714, 2: 0.3326552462526767}
fi_l= [0.9129550321199144, 0.08704496788008566]
ET_sim= 3.8004818325294623
ET_sm= 4.16724814010796
ET_approx= 3.39782156744024
ET_varkigauri_lb= None
WARNING] sim_mdsnk:: ar= 0.22499247174889817, n= 3, k= 2, dist_m= {'mu': 0.5, 'dist': 'SExp', 'D': 1}
qid__win_freq_map= {0: 0.33823138886430026, 1: 0.33256616800920596, 2: 0.32920244312649377}
fi_l= [0.892272284677348, 0.10772771532265203]
WARNING] sim_mdsnk:: ar= 0.22499247174889817, n= 3, k= 2, dist_m= {'mu': 0.5, 'dist': 'SExp', 'D': 1}
qid__win_freq_map= {0: 0.33783904753379285, 1: 0.3295139199713544, 2: 0.3326470324948527}
fi_l= [0.8898039566735296, 0.11019604332647033]
WARNING] sim_mdsnk:: ar= 0.22499247174889817, n= 3, k= 2, dist_m= {'mu': 0.5, 'dist': 'SExp', 'D': 1}
qid__win_freq_map= {0: 0.3329773981135433, 1: 0.33164264103933083, 2: 0.33537996084712585}
fi_l= [0.8968677700658481, 0.10313222993415198]
WARNING] sim_mdsnk:: ar= 0.22499247174889817, n= 3, k= 2, dist_m= {'mu': 0.5, 'dist': 'SExp', 'D': 1}
qid__win_freq_map= {0: 0.33339292098677153, 1: 0.3357168394708616, 2: 0.33089023954236685}
fi_l= [0.8932785126921702, 0.10672148730782982]
WARNING] sim_mdsnk:: ar= 0.22499247174889817, n= 3, k= 2, dist_m= {'mu': 0.5, 'dist': 'SExp', 'D': 1}
qid__win_freq_map= {0: 0.33022470912159163, 1: 0.3328004263256062, 2: 0.3369748645528022}
fi_l= [0.8843591793232081, 0.1156408206767919]
ET_sim= 4.356813661655195
ET_sm= 5.07271525678453
ET_approx= 3.93870761626294
ET_varkigauri_lb= None
WARNING] sim_mdsnk:: ar= 0.24999163527655352, n= 3, k= 2, dist_m= {'mu': 0.5, 'dist': 'SExp', 'D': 1}
qid__win_freq_map= {0: 0.33466613354658137, 1: 0.3319472211115554, 2: 0.33338664534186324}
fi_l= [0.8706117552978808, 0.12938824470211915]
WARNING] sim_mdsnk:: ar= 0.24999163527655352, n= 3, k= 2, dist_m= {'mu': 0.5, 'dist': 'SExp', 'D': 1}
qid__win_freq_map= {0: 0.33128238341968913, 1: 0.34229274611398963, 2: 0.32642487046632124}
fi_l= [0.8844721502590673, 0.11552784974093264]
WARNING] sim_mdsnk:: ar= 0.24999163527655352, n= 3, k= 2, dist_m= {'mu': 0.5, 'dist': 'SExp', 'D': 1}
qid__win_freq_map= {0: 0.33570401150711204, 1: 0.3353044590059134, 2: 0.3289915294869746}
fi_l= [0.8783762186351286, 0.12162378136487134]
WARNING] sim_mdsnk:: ar= 0.24999163527655352, n= 3, k= 2, dist_m= {'mu': 0.5, 'dist': 'SExp', 'D': 1}
qid__win_freq_map= {0: 0.33341267952074904, 1: 0.3222248670951361, 2: 0.3443624533841149}
fi_l= [0.8738395620090454, 0.12616043799095453]
WARNING] sim_mdsnk:: ar= 0.24999163527655352, n= 3, k= 2, dist_m= {'mu': 0.5, 'dist': 'SExp', 'D': 1}
qid__win_freq_map= {0: 0.33120245994497494, 1: 0.3315261369153585, 2: 0.33727140313966664}
fi_l= [0.8750606894319469, 0.12493931056805309]
ET_sim= 4.73091388512336
ET_sm= 5.87467777658155
ET_approx= 4.36678638636927
ET_varkigauri_lb= None
WARNING] sim_mdsnk:: ar= 0.27499079880420885, n= 3, k= 2, dist_m= {'mu': 0.5, 'dist': 'SExp', 'D': 1}
qid__win_freq_map= {0: 0.3326538041499818, 1: 0.3345467783036039, 2: 0.3327994175464143}
fi_l= [0.8585365853658536, 0.14146341463414633]
WARNING] sim_mdsnk:: ar= 0.27499079880420885, n= 3, k= 2, dist_m= {'mu': 0.5, 'dist': 'SExp', 'D': 1}
qid__win_freq_map= {0: 0.3350677903994137, 1: 0.3336753389519971, 2: 0.3312568706485892}
fi_l= [0.8555514840600953, 0.14444851593990474]
WARNING] sim_mdsnk:: ar= 0.27499079880420885, n= 3, k= 2, dist_m= {'mu': 0.5, 'dist': 'SExp', 'D': 1}
qid__win_freq_map= {0: 0.3285662953647143, 1: 0.33151275601868485, 2: 0.33992094861660077}
fi_l= [0.8512396694214877, 0.1487603305785124]
WARNING] sim_mdsnk:: ar= 0.27499079880420885, n= 3, k= 2, dist_m= {'mu': 0.5, 'dist': 'SExp', 'D': 1}
qid__win_freq_map= {0: 0.3328300258843831, 1: 0.3332614322691976, 2: 0.3339085418464193}
fi_l= [0.848073051481162, 0.1519269485188381]
WARNING] sim_mdsnk:: ar= 0.27499079880420885, n= 3, k= 2, dist_m= {'mu': 0.5, 'dist': 'SExp', 'D': 1}
qid__win_freq_map= {0: 0.32952213427147464, 1: 0.33743770155379654, 2: 0.3330401641747288}
fi_l= [0.8591322192905306, 0.14086778070946937]
ET_sim= 5.325741093294679
ET_sm= 7.07757122557779
ET_approx= 4.93424335607136
ET_varkigauri_lb= None
WARNING] sim_mdsnk:: ar= 0.2999899623318642, n= 3, k= 2, dist_m= {'mu': 0.5, 'dist': 'SExp', 'D': 1}
qid__win_freq_map= {0: 0.3356648014921396, 1: 0.3287370103916866, 2: 0.3355981881161737}
fi_l= [0.8361310951239008, 0.16386890487609912]
WARNING] sim_mdsnk:: ar= 0.2999899623318642, n= 3, k= 2, dist_m= {'mu': 0.5, 'dist': 'SExp', 'D': 1}
qid__win_freq_map= {0: 0.3323609226594301, 1: 0.3335820895522388, 2: 0.3340569877883311}
fi_l= [0.8323609226594301, 0.16763907734056988]
WARNING] sim_mdsnk:: ar= 0.2999899623318642, n= 3, k= 2, dist_m= {'mu': 0.5, 'dist': 'SExp', 'D': 1}
qid__win_freq_map= {0: 0.33835442190533577, 1: 0.3280444533708241, 2: 0.3336011247238401}
fi_l= [0.8392582178482961, 0.16074178215170382]
WARNING] sim_mdsnk:: ar= 0.2999899623318642, n= 3, k= 2, dist_m= {'mu': 0.5, 'dist': 'SExp', 'D': 1}
qid__win_freq_map= {0: 0.32755852842809363, 1: 0.33872909698996656, 2: 0.3337123745819398}
fi_l= [0.8328428093645485, 0.1671571906354515]
WARNING] sim_mdsnk:: ar= 0.2999899623318642, n= 3, k= 2, dist_m= {'mu': 0.5, 'dist': 'SExp', 'D': 1}
qid__win_freq_map= {0: 0.3322408026755853, 1: 0.3320401337792642, 2: 0.3357190635451505}
fi_l= [0.8308361204013378, 0.16916387959866222]
ET_sim= 6.0779116990112785
ET_sm= 9.08225943660395
ET_approx= 5.72238506458605
ET_varkigauri_lb= None
WARNING] sim_mdsnk:: ar= 0.32498912585951956, n= 3, k= 2, dist_m= {'mu': 0.5, 'dist': 'SExp', 'D': 1}
qid__win_freq_map= {0: 0.31874655731684925, 1: 0.3417589815778199, 2: 0.3394944611053308}
fi_l= [0.8137584919517719, 0.18624150804822817]
WARNING] sim_mdsnk:: ar= 0.32498912585951956, n= 3, k= 2, dist_m= {'mu': 0.5, 'dist': 'SExp', 'D': 1}
qid__win_freq_map= {0: 0.3281035129391174, 1: 0.34016752094011754, 2: 0.3317289661207651}
fi_l= [0.8116014501812726, 0.18839854981872733]
WARNING] sim_mdsnk:: ar= 0.32498912585951956, n= 3, k= 2, dist_m= {'mu': 0.5, 'dist': 'SExp', 'D': 1}
qid__win_freq_map= {0: 0.3368342551736996, 1: 0.33857435833695854, 2: 0.3245913864893419}
fi_l= [0.811882418743397, 0.18811758125660308]
WARNING] sim_mdsnk:: ar= 0.32498912585951956, n= 3, k= 2, dist_m= {'mu': 0.5, 'dist': 'SExp', 'D': 1}
qid__win_freq_map= {0: 0.33912990045471303, 1: 0.32868379009462945, 2: 0.33218630945065747}
fi_l= [0.8128917291385032, 0.18710827086149687]
WARNING] sim_mdsnk:: ar= 0.32498912585951956, n= 3, k= 2, dist_m= {'mu': 0.5, 'dist': 'SExp', 'D': 1}
qid__win_freq_map= {0: 0.33065258763582783, 1: 0.3432377678187734, 2: 0.32610964454539876}
fi_l= [0.818466449751366, 0.18153355024863405]
ET_sim= 7.219592604490927
ET_sm= 13.0911326695715
ET_approx= 6.89102402035191
ET_varkigauri_lb= None
WARNING] sim_mdsnk:: ar= 0.3499882893871749, n= 3, k= 2, dist_m= {'mu': 0.5, 'dist': 'SExp', 'D': 1}
qid__win_freq_map= {0: 0.3254383443518252, 1: 0.33981029031330845, 2: 0.3347513653348663}
fi_l= [0.7876401264731244, 0.21235987352687555]
WARNING] sim_mdsnk:: ar= 0.3499882893871749, n= 3, k= 2, dist_m= {'mu': 0.5, 'dist': 'SExp', 'D': 1}
qid__win_freq_map= {0: 0.32450031142064434, 1: 0.3355415888115056, 2: 0.3399580997678501}
fi_l= [0.7852896211992526, 0.21471037880074742]
WARNING] sim_mdsnk:: ar= 0.3499882893871749, n= 3, k= 2, dist_m= {'mu': 0.5, 'dist': 'SExp', 'D': 1}
qid__win_freq_map= {0: 0.33662675810763687, 1: 0.33465070324305474, 2: 0.3287225386493084}
fi_l= [0.790073230268511, 0.20992676973148902]
WARNING] sim_mdsnk:: ar= 0.3499882893871749, n= 3, k= 2, dist_m= {'mu': 0.5, 'dist': 'SExp', 'D': 1}
qid__win_freq_map= {0: 0.32986939239068713, 1: 0.3373083475298126, 2: 0.3328222600795003}
fi_l= [0.7816013628620102, 0.21839863713798977]
WARNING] sim_mdsnk:: ar= 0.3499882893871749, n= 3, k= 2, dist_m= {'mu': 0.5, 'dist': 'SExp', 'D': 1}
qid__win_freq_map= {0: 0.32936440437716163, 1: 0.34257526790270454, 2: 0.3280603277201338}
fi_l= [0.7838634688439077, 0.2161365311560923]
ET_sim= 9.049402592745327
ET_sm= None
ET_approx= 8.80338107043538
ET_varkigauri_lb= None
WARNING] sim_mdsnk:: ar= 0.37498745291483027, n= 3, k= 2, dist_m= {'mu': 0.5, 'dist': 'SExp', 'D': 1}
qid__win_freq_map= {0: 0.3269773635153129, 1: 0.3426364846870839, 2: 0.3303861517976032}
fi_l= [0.7598934753661785, 0.24010652463382157]
WARNING] sim_mdsnk:: ar= 0.37498745291483027, n= 3, k= 2, dist_m= {'mu': 0.5, 'dist': 'SExp', 'D': 1}
qid__win_freq_map= {0: 0.33170259663458956, 1: 0.3276167947959787, 2: 0.3406806085694318}
fi_l= [0.7603892263856782, 0.23961077361432181]
WARNING] sim_mdsnk:: ar= 0.37498745291483027, n= 3, k= 2, dist_m= {'mu': 0.5, 'dist': 'SExp', 'D': 1}
qid__win_freq_map= {0: 0.3349677556893887, 1: 0.3370463145552417, 2: 0.3279859297553696}
fi_l= [0.7680008527420988, 0.2319991472579012]
WARNING] sim_mdsnk:: ar= 0.37498745291483027, n= 3, k= 2, dist_m= {'mu': 0.5, 'dist': 'SExp', 'D': 1}
qid__win_freq_map= {0: 0.3307124262869893, 1: 0.3375126175423684, 2: 0.3317749561706423}
fi_l= [0.7577963130213037, 0.24220368697869626]
WARNING] sim_mdsnk:: ar= 0.37498745291483027, n= 3, k= 2, dist_m= {'mu': 0.5, 'dist': 'SExp', 'D': 1}
qid__win_freq_map= {0: 0.3269200106298166, 1: 0.3331384533616795, 2: 0.33994153600850385}
fi_l= [0.7602444857826203, 0.23975551421737976]
ET_sim= 12.232033803226338
ET_sm= None
ET_approx= 12.5007411377627
ET_varkigauri_lb= None
WARNING] plot_mds_n2:: done; n= 3
