WARNING] plot_EC_vs_ET_wsim:: psize_dist= Pareto(l= 1, u= 10000000000, a= 1.1)


> Esl= 1.0548991775205177
Sim: E_T= 99.04294051015793, E_C= 163.78391571667777
WARNING] fit_tpareto:: n= 101215
WARNING] fit_tpareto:: done; l= 1.000020167324692, u= 21542.231772852363, a= 1.0400000000000007
Fitted TPareto: E_T= 105.397176833621, E_C= 171.132281600685
WARNING] fit_pareto:: done; l= 1.000020167324692, a= 1.0490546650342807
Fitted Pareto: E_T= 362.95152397893247, E_C= 427.7170462492032
> Esl= 1.071953166880054
Sim: E_T= 109.63407945197908, E_C= 174.38478093248776
WARNING] fit_tpareto:: n= 101026
WARNING] fit_tpareto:: done; l= 1.000020497944206, u= 26842.97701809299, a= 1.0400000000000007
Fitted TPareto: E_T= 108.44023799765, E_C= 174.187877902288
WARNING] fit_pareto:: done; l= 1.000020497944206, a= 1.0490736073197036
Fitted Pareto: E_T= 362.79639220099955, E_C= 427.5598100369328
> Esl= 1.1239938841215955
Sim: E_T= 186.3678632293414, E_C= 253.2376761816117
WARNING] fit_tpareto:: n= 100833
WARNING] fit_tpareto:: done; l= 1.0000094023998827, u= 186481.2629388367, a= 1.0300000000000007
Fitted TPareto: E_T= 142.561194737838, E_C= 209.55020010814
WARNING] fit_pareto:: done; l= 1.0000094023998827, a= 1.0336051501200452
Fitted Pareto: E_T= 548.591015751224, E_C= 615.1526565402518
> Esl= 1.1804560524470633
Sim: E_T= 153.667054397251, E_C= 220.6194688015304
WARNING] fit_tpareto:: n= 100988
WARNING] fit_tpareto:: done; l= 1.000001241452992, u= 174386.8857401004, a= 1.0300000000000007
Fitted TPareto: E_T= 141.600028403845, E_C= 208.587785706158
WARNING] fit_pareto:: done; l= 1.000001241452992, a= 1.0380578482089957
Fitted Pareto: E_T= 479.48643634163994, E_C= 545.5164628375661
> Esl= 1.05739803120013
Sim: E_T= 108.52376936695535, E_C= 172.86618589004283
WARNING] fit_tpareto:: n= 100913
WARNING] fit_tpareto:: done; l= 1.000001258449629, u= 30207.32061093091, a= 1.0500000000000007
Fitted TPareto: E_T= 104.635835321536, E_C= 169.25197702921
WARNING] fit_pareto:: done; l= 1.000001258449629, a= 1.0516670831347088
Fitted Pareto: E_T= 342.6213320201932, E_C= 407.09416626551223
> Esl= 1.0612268431632947
Sim: E_T= 153.49283943614336, E_C= 218.22250917344587
WARNING] fit_tpareto:: n= 100859
WARNING] fit_tpareto:: done; l= 1.0000022281892598, u= 317732.2034475603, a= 1.0500000000000007
Fitted TPareto: E_T= 132.428132733591, E_C= 197.082208499318
WARNING] fit_pareto:: done; l= 1.0000022281892598, a= 1.0502455408114428
Fitted Pareto: E_T= 353.41513587677804, E_C= 418.0462042984301


> Esl= 1.0631359530908469
Sim: E_T= 9.764999787654352, E_C= 74.06491967458747
WARNING] fit_tpareto:: n= 110632
WARNING] fit_tpareto:: done; l= 1.0000001296866685, u= 39562.498736799695, a= 1.0400000000000007
Fitted TPareto: E_T= 9.93718536133834, E_C= 74.9773063733162
WARNING] fit_pareto:: done; l= 1.0000001296866685, a= 1.0458265670552533
Fitted Pareto: E_T= 9.801629654397727, E_C= 74.30031025823016
> Esl= 1.1768520099595525
Sim: E_T= 9.89956263055199, E_C= 74.61990217423511
WARNING] fit_tpareto:: n= 111125
WARNING] fit_tpareto:: done; l= 1.0000098221935332, u= 23836.544614620914, a= 1.0400000000000007
Fitted TPareto: E_T= 9.93517934054917, E_C= 74.9700769921059
WARNING] fit_pareto:: done; l= 1.0000098221935332, a= 1.0418483971691717
Fitted Pareto: E_T= 9.895956551077363, E_C= 74.76933355710516
> Esl= 1.0712386657606863
Sim: E_T= 9.836259442763094, E_C= 74.35757424167731
WARNING] fit_tpareto:: n= 111045
WARNING] fit_tpareto:: done; l= 1.0000037574209273, u= 25654.938361502485, a= 1.0400000000000007
Fitted TPareto: E_T= 9.93549653155987, E_C= 74.9710509829139
WARNING] fit_pareto:: done; l= 1.0000037574209273, a= 1.0432606158267064
Fitted Pareto: E_T= 9.862250738296172, E_C= 74.60176535274387
> Esl= 1.0808648822837528
Sim: E_T= 9.695905001405128, E_C= 73.95900778266599
WARNING] fit_tpareto:: n= 110969
WARNING] fit_tpareto:: done; l= 1.0000051306560636, u= 63701.55235382682, a= 1.0400000000000007
Fitted TPareto: E_T= 9.93842124522419, E_C= 74.9821687424384
WARNING] fit_pareto:: done; l= 1.0000051306560636, a= 1.0463734644101013
Fitted Pareto: E_T= 9.78885617652684, E_C= 74.23689423623435
> Esl= 1.0783989225946875
Sim: E_T= 9.749493806246303, E_C= 74.2292063601463
WARNING] fit_tpareto:: n= 110600
WARNING] fit_tpareto:: done; l= 1.0000585003290325, u= 74160.00561045995, a= 1.0400000000000007
Fitted TPareto: E_T= 9.93922246937933, E_C= 74.9871948346094
WARNING] fit_pareto:: done; l= 1.0000585003290325, a= 1.042816519323567
Fitted Pareto: E_T= 9.873348492229752, E_C= 74.65830019743153
> Esl= 1.1405897799976954
Sim: E_T= 10.07323477993409, E_C= 75.4431419379307
WARNING] fit_tpareto:: n= 111568
WARNING] fit_tpareto:: done; l= 1.0000167497200891, u= 85581.10315109673, a= 1.0300000000000007
Fitted TPareto: E_T= 10.1854303798227, E_C= 76.2049133265081
WARNING] fit_pareto:: done; l= 1.0000167497200891, a= 1.0362204175875076
Fitted Pareto: E_T= 10.03228070711853, E_C= 75.4455579350748


> Esl= 1.2029827378155886
Sim: E_T= 5.763308130974875, E_C= 67.61307642458381
WARNING] fit_tpareto:: n= 121487
WARNING] fit_tpareto:: done; l= 1.000005669426173, u= 178746.79229967063, a= 1.0200000000000007
Fitted TPareto: E_T= 5.78060998066437, E_C= 67.8508318900014
WARNING] fit_pareto:: done; l= 1.000005669426173, a= 1.0218047301596098
Fitted Pareto: E_T= 5.761826839936709, E_C= 67.69839325660125
> Esl= 1.724043580962194
Sim: E_T= 6.092854335092303, E_C= 70.03630081146358
WARNING] fit_tpareto:: n= 121599
WARNING] fit_tpareto:: done; l= 1.0000170149141923, u= 612573.567220655, a= 0.9900000000000007
Fitted TPareto: E_T= 6.11642516064884, E_C= 70.5599415462647
WARNING] fit_pareto:: done; l= 1.0000170149141923, a= 0.9906025923529675
Fitted Pareto: E_T= 6.109353145751496, E_C= 70.50304413573112
> Esl= 1.0749310268964343
Sim: E_T= 5.546472074073426, E_C= 66.06116095794
WARNING] fit_tpareto:: n= 121123
WARNING] fit_tpareto:: done; l= 1.000000744825229, u= 11023.232462229207, a= 1.0400000000000007
Fitted TPareto: E_T= 5.57576012096804, E_C= 66.1886264920897
WARNING] fit_pareto:: done; l= 1.000000744825229, a= 1.040981001071204
Fitted Pareto: E_T= 5.568412960562357, E_C= 66.12602720770369
> Esl= 1.0976684237252414
Sim: E_T= 5.630887312654195, E_C= 66.67760315399003
WARNING] fit_tpareto:: n= 121495
WARNING] fit_tpareto:: done; l= 1.0000061851460487, u= 55105.39852817211, a= 1.0300000000000007
Fitted TPareto: E_T= 5.67696142997789, E_C= 67.010163801704
WARNING] fit_pareto:: done; l= 1.0000061851460487, a= 1.0324135945796171
Fitted Pareto: E_T= 5.6530871751077, E_C= 66.81550913006923
> Esl= 1.1143150963251454
Sim: E_T= 5.674567185561459, E_C= 66.9974591270793
WARNING] fit_tpareto:: n= 120830
WARNING] fit_tpareto:: done; l= 1.0000036444980651, u= 438747.9080725957, a= 1.0200000000000007
Fitted TPareto: E_T= 5.78069717535297, E_C= 67.8513757694285
WARNING] fit_pareto:: done; l= 1.0000036444980651, a= 1.0282635458886389
Fitted Pareto: E_T= 5.695081847320783, E_C= 67.1567417489273
> Esl= 1.1941571417295245
Sim: E_T= 5.630794283250719, E_C= 66.64576811765296
WARNING] fit_tpareto:: n= 121292
WARNING] fit_tpareto:: done; l= 1.0000191694125533, u= 19203.84993308515, a= 1.0300000000000007
Fitted TPareto: E_T= 5.67610187548584, E_C= 67.0045912920464
WARNING] fit_pareto:: done; l= 1.0000191694125533, a= 1.0321851167343163
Fitted Pareto: E_T= 5.655456013080824, E_C= 66.83504180622653


> Esl= 1.1741455456776404
Sim: E_T= 4.210477457396044, E_C= 64.52927950505693
WARNING] fit_tpareto:: n= 131320
WARNING] fit_tpareto:: done; l= 1.0000053014373407, u= 194639.67404104746, a= 1.0100000000000007
Fitted TPareto: E_T= 4.26804914882004, E_C= 65.137646820656
WARNING] fit_pareto:: done; l= 1.0000053014373407, a= 1.0148032475542041
Fitted Pareto: E_T= 4.237614967822628, E_C= 64.80567887366567
> Esl= 1.7654347884228296
Sim: E_T= 4.431653464240035, E_C= 66.83003457280603
WARNING] fit_tpareto:: n= 131793
WARNING] fit_tpareto:: done; l= 1.0000075134448707, u= 129039.71408750792, a= 0.9700000000000006
Fitted TPareto: E_T= 4.54381834700014, E_C= 68.1302725910313
WARNING] fit_pareto:: done; l= 1.0000075134448707, a= 0.9795428607356724
Fitted Pareto: E_T= 4.474450413447297, E_C= 67.37974114917154
> Esl= 1.0942641225329255
Sim: E_T= 4.101240060534442, E_C= 63.43871440998111
WARNING] fit_tpareto:: n= 130674
WARNING] fit_tpareto:: done; l= 1.0000089614186436, u= 17652.125431389228, a= 1.0300000000000007
Fitted TPareto: E_T= 4.14375974963639, E_C= 63.780951519245
WARNING] fit_pareto:: done; l= 1.0000089614186436, a= 1.0338270367006088
Fitted Pareto: E_T= 4.121734692506242, E_C= 63.53898796043833
> Esl= 1.1571148780597107
Sim: E_T= 4.172630176402052, E_C= 64.17195259964495
WARNING] fit_tpareto:: n= 131178
WARNING] fit_tpareto:: done; l= 1.0000069328816608, u= 35637.70463625842, a= 1.0200000000000007
Fitted TPareto: E_T= 4.20481769673729, E_C= 64.4481306245438
WARNING] fit_pareto:: done; l= 1.0000069328816608, a= 1.0211581046678178
Fitted Pareto: E_T= 4.198044873708355, E_C= 64.3737030926283
> Esl= 1.1109096920723835
Sim: E_T= 4.106679045069729, E_C= 63.43986343924948
WARNING] fit_tpareto:: n= 131043
WARNING] fit_tpareto:: done; l= 1.0000081794569269, u= 32825.39187198109, a= 1.0300000000000007
Fitted TPareto: E_T= 4.14407559480784, E_C= 63.784012145085
WARNING] fit_pareto:: done; l= 1.0000081794569269, a= 1.034073351119057
Fitted Pareto: E_T= 4.120280660672855, E_C= 63.52304678265435
> Esl= 1.2102927858353327
Sim: E_T= 4.203255496181014, E_C= 64.46943545770284
WARNING] fit_tpareto:: n= 131740
WARNING] fit_tpareto:: done; l= 1.0000099069438875, u= 68526.2132735718, a= 1.0100000000000007
Fitted TPareto: E_T= 4.26792531002493, E_C= 65.1365524754509
WARNING] fit_pareto:: done; l= 1.0000099069438875, a= 1.0167782587091034
Fitted Pareto: E_T= 4.225239113569001, E_C= 64.67071262454665


> Esl= 1.25941698685162
Sim: E_T= 3.519460393051573, E_C= 64.64973304642947
WARNING] fit_tpareto:: n= 140885
WARNING] fit_tpareto:: done; l= 1.0000018253922462, u= 52862.338694902195, a= 0.9900000000000007
Fitted TPareto: E_T= 3.54602036001589, E_C= 64.9814748199871
WARNING] fit_pareto:: done; l= 1.0000018253922462, a= 0.9907214830773466
Fitted Pareto: E_T= 3.542848141543735, E_C= 64.93849981178855
> Esl= 1.3240303036028183
Sim: E_T= 3.4375507309222737, E_C= 63.51022539431093
WARNING] fit_tpareto:: n= 141570
WARNING] fit_tpareto:: done; l= 1.00000228616409, u= 50461.75485949218, a= 1.0000000000000007
Fitted TPareto: E_T= 3.49980984498317, E_C= 64.3584862157896
WARNING] fit_pareto:: done; l= 1.00000228616409, a= 1.0091129472521196
Fitted Pareto: E_T= 3.459216085384069, E_C= 63.81013955605351
> Esl= 1.2301045613297816
Sim: E_T= 3.501915036850716, E_C= 64.44053630133453
WARNING] fit_tpareto:: n= 140635
WARNING] fit_tpareto:: done; l= 1.000002457993105, u= 192744.71087057865, a= 0.9900000000000007
Fitted TPareto: E_T= 3.54617869282619, E_C= 64.9834432848637
WARNING] fit_pareto:: done; l= 1.000002457993105, a= 0.9964156693651107
Fitted Pareto: E_T= 3.5163988318936665, E_C= 64.58202643287242
> Esl= 1.3230520825529777
Sim: E_T= 3.455526212467512, E_C= 63.867311982443304
WARNING] fit_tpareto:: n= 141444
WARNING] fit_tpareto:: done; l= 1.000000238767825, u= 76130.06680755131, a= 1.0000000000000007
Fitted TPareto: E_T= 3.49986948754737, E_C= 64.3591804705789
WARNING] fit_pareto:: done; l= 1.000000238767825, a= 1.0042309067782562
Fitted Pareto: E_T= 3.4809072359907, E_C= 64.10309417457293
> Esl= 1.4800238582989875
Sim: E_T= 3.4542255087455587, E_C= 63.81514397978981
WARNING] fit_tpareto:: n= 141287
WARNING] fit_tpareto:: done; l= 1.0000099510943983, u= 56738.808938314614, a= 1.0000000000000007
Fitted TPareto: E_T= 3.49985859173839, E_C= 64.359250552337
WARNING] fit_pareto:: done; l= 1.0000099510943983, a= 1.0021185695813752
Fitted Pareto: E_T= 3.4904399148801533, E_C= 64.23194752494241
> Esl= 1.3698022705576838
Sim: E_T= 3.426796885438974, E_C= 63.4497598012078
WARNING] fit_tpareto:: n= 141533
WARNING] fit_tpareto:: done; l= 1.000013570766896, u= 80986.97691356804, a= 1.0000000000000007
Fitted TPareto: E_T= 3.49992402470196, E_C= 64.3601358975209
WARNING] fit_pareto:: done; l= 1.000013570766896, a= 1.0101124080221962
Fitted Pareto: E_T= 3.4548563654038205, E_C= 63.75141548646725


> Esl= 2.170853859068326
Sim: E_T= 2.9814584729104676, E_C= 63.73213166028049
WARNING] fit_tpareto:: n= 151608
WARNING] fit_tpareto:: done; l= 1.0000142701319419, u= 44684.35130107496, a= 0.9900000000000007
Fitted TPareto: E_T= 3.03440540485597, E_C= 64.5303401381593
WARNING] fit_pareto:: done; l= 1.0000142701319419, a= 0.9918297100380361
Fitted Pareto: E_T= 3.028173343629058, E_C= 64.43070336247561
> Esl= 1.2708730959831391
Sim: E_T= 2.9822049396393706, E_C= 63.76664028661711
WARNING] fit_tpareto:: n= 151907
WARNING] fit_tpareto:: done; l= 1.0000092524569482, u= 134561.3493605995, a= 1.0000000000000007
Fitted TPareto: E_T= 2.99997821418232, E_C= 63.980419946358
WARNING] fit_pareto:: done; l= 1.0000092524569482, a= 1.0002479497640582
Fitted Pareto: E_T= 2.9991855359080333, E_C= 63.96770101575644
> Esl= 2.0388176993913034
Sim: E_T= 3.0687713729041373, E_C= 65.09499543959838
WARNING] fit_tpareto:: n= 151523
WARNING] fit_tpareto:: done; l= 1.000013454715372, u= 267763.74733882514, a= 0.9600000000000006
Fitted TPareto: E_T= 3.14517220318985, E_C= 66.2939535777464
WARNING] fit_pareto:: done; l= 1.000013454715372, a= 0.9657080833543669
Fitted Pareto: E_T= 3.123305738431991, E_C= 65.94630178406926
> Esl= 1.1299732672362108
Sim: E_T= 2.948946250475461, E_C= 63.26368195761586
WARNING] fit_tpareto:: n= 151069
WARNING] fit_tpareto:: done; l= 1.0000047401990741, u= 45101.34708860796, a= 1.0100000000000007
Fitted TPareto: E_T= 2.96643838264148, E_C= 63.4441786627164
WARNING] fit_pareto:: done; l= 1.0000047401990741, a= 1.0124787297782254
Fitted Pareto: E_T= 2.958440195845874, E_C= 63.3160529518666
> Esl= 1.4359533884825066
Sim: E_T= 3.0373512010396513, E_C= 64.59661950629415
WARNING] fit_tpareto:: n= 151394
WARNING] fit_tpareto:: done; l= 1.0000026520574465, u= 294510.52546041925, a= 0.9800000000000006
Fitted TPareto: E_T= 3.07017910746526, E_C= 65.1004411645441
WARNING] fit_pareto:: done; l= 1.0000026520574465, a= 0.9815327848714667
Fitted Pareto: E_T= 3.064666244010905, E_C= 65.01255295770508
> Esl= 1.6818002555789962
Sim: E_T= 3.0782025420613097, E_C= 65.21182542223673
WARNING] fit_tpareto:: n= 151146
WARNING] fit_tpareto:: done; l= 1.0000023274915293, u= 195139.09374228326, a= 0.9600000000000006
Fitted TPareto: E_T= 3.14512122430733, E_C= 66.2929787973189
WARNING] fit_pareto:: done; l= 1.0000023274915293, a= 0.9680503698574293
Fitted Pareto: E_T= 3.1144007500346444, E_C= 65.80448040777605


> Esl= 3.373035338517288
Sim: E_T= 2.7110918371428623, E_C= 65.09007226447952
WARNING] fit_tpareto:: n= 161026
WARNING] fit_tpareto:: done; l= 1.0000039308797568, u= 41996.52702730801, a= 0.9600000000000006
Fitted TPareto: E_T= 2.7809302877862, E_C= 66.330550598257
WARNING] fit_pareto:: done; l= 1.0000039308797568, a= 0.9699064160395809
Fitted Pareto: E_T= 2.7514159724791805, E_C= 65.79024805924455
> Esl= 1.4366082982001425
Sim: E_T= 2.6893976350394495, E_C= 64.69363466121436
WARNING] fit_tpareto:: n= 161918
WARNING] fit_tpareto:: done; l= 1.0000074154231697, u= 78046.21392064082, a= 0.9800000000000006
Fitted TPareto: E_T= 2.72202709507964, E_C= 65.2519485069209
WARNING] fit_pareto:: done; l= 1.0000074154231697, a= 0.9873368199085174
Fitted Pareto: E_T= 2.701376066165766, E_C= 64.87314105392865
> Esl= 2.497289813575086
Sim: E_T= 2.8018038058173276, E_C= 66.70351291395131
WARNING] fit_tpareto:: n= 161463
WARNING] fit_tpareto:: done; l= 1.0000024185865186, u= 594598.8256754759, a= 0.9300000000000006
Fitted TPareto: E_T= 2.87715907602184, E_C= 68.0871099001065
WARNING] fit_pareto:: done; l= 1.0000024185865186, a= 0.932395987644468
Fitted Pareto: E_T= 2.869153313478871, E_C= 67.9411744142716
> Esl= 1.3099235958015905
Sim: E_T= 2.6773994209583383, E_C= 64.49892898819236
WARNING] fit_tpareto:: n= 162213
WARNING] fit_tpareto:: done; l= 1.0000052342657, u= 85549.6949881299, a= 0.9900000000000007
Fitted TPareto: E_T= 2.69389651450901, E_C= 64.7359264915015
WARNING] fit_pareto:: done; l= 1.0000052342657, a= 0.993083301970685
Fitted Pareto: E_T= 2.6854599412428897, E_C= 64.5810026662852
> Esl= 3.0184655544088685
Sim: E_T= 2.801516781409898, E_C= 66.70776643531424
WARNING] fit_tpareto:: n= 161892
WARNING] fit_tpareto:: done; l= 1.0000054280972108, u= 265148.4171593529, a= 0.9300000000000006
Fitted TPareto: E_T= 2.87714069564711, E_C= 68.0868488038502
WARNING] fit_pareto:: done; l= 1.0000054280972108, a= 0.9340415737656608
Fitted Pareto: E_T= 2.863684378949728, E_C= 67.84152079079172
> Esl= 1.2514413662650046
Sim: E_T= 2.6937906598369996, E_C= 64.80206093344678
WARNING] fit_tpareto:: n= 161624
WARNING] fit_tpareto:: done; l= 1.000013000681065, u= 90235.88128333073, a= 0.9800000000000006
Fitted TPareto: E_T= 2.72205306400564, E_C= 65.2524994104976
WARNING] fit_pareto:: done; l= 1.000013000681065, a= 0.9879757500835
Fitted Pareto: E_T= 2.6996080720321536, E_C= 64.84078821414957


> Esl= 1.3754177255151716
Sim: E_T= 2.4648547390065323, E_C= 65.73110813741805
WARNING] fit_tpareto:: n= 172669
WARNING] fit_tpareto:: done; l= 1.000014740275219, u= 68829.11351047514, a= 0.9800000000000006
Fitted TPareto: E_T= 2.47401607886659, E_C= 65.834740631829
WARNING] fit_pareto:: done; l= 1.000014740275219, a= 0.981588238205293
Fitted Pareto: E_T= 2.470374198703934, E_C= 65.75941805181034
> Esl= 3.9198572994692267
Sim: E_T= 2.4836348812338485, E_C= 66.08495734681043
WARNING] fit_tpareto:: n= 171141
WARNING] fit_tpareto:: done; l= 1.0000012938980944, u= 95004.17563026538, a= 0.9500000000000006
Fitted TPareto: E_T= 2.5476207812876, E_C= 67.353118221626
WARNING] fit_pareto:: done; l= 1.0000012938980944, a= 0.9531818836078291
Fitted Pareto: E_T= 2.539556373994538, E_C= 67.18688197579378
> Esl= 1.4372069884153917
Sim: E_T= 2.514796023785728, E_C= 66.7133047932789
WARNING] fit_tpareto:: n= 172070
WARNING] fit_tpareto:: done; l= 1.0000064440537244, u= 113121.18331376219, a= 0.9500000000000006
Fitted TPareto: E_T= 2.54764571871599, E_C= 67.3536973132699
WARNING] fit_pareto:: done; l= 1.0000064440537244, a= 0.9574344675694425
Fitted Pareto: E_T= 2.5288147113148955, E_C= 66.96554997606951
> Esl= 1.5754964519067887
Sim: E_T= 2.468664286846978, E_C= 65.78264335058729
WARNING] fit_tpareto:: n= 171142
WARNING] fit_tpareto:: done; l= 1.0000052228278946, u= 66518.76042100566, a= 0.9700000000000006
Fitted TPareto: E_T= 2.49777229239934, E_C= 66.3252284560224
WARNING] fit_pareto:: done; l= 1.0000052228278946, a= 0.9766141265043132
Fitted Pareto: E_T= 2.482037655663193, E_C= 66.00024818605344
> Esl= 1.35709627990889
Sim: E_T= 2.462346665464131, E_C= 65.6840170172795
WARNING] fit_tpareto:: n= 171575
WARNING] fit_tpareto:: done; l= 1.000008076080121, u= 111057.04608848761, a= 0.9800000000000006
Fitted TPareto: E_T= 2.47402602253984, E_C= 65.8348225877868
WARNING] fit_pareto:: done; l= 1.000008076080121, a= 0.9817643808179874
Fitted Pareto: E_T= 2.4699471069417656, E_C= 65.75049401616356
> Esl= 1.433396121937331
Sim: E_T= 2.4836540310320303, E_C= 66.10613231999294
WARNING] fit_tpareto:: n= 171603
WARNING] fit_tpareto:: done; l= 1.000006033340469, u= 81154.57771042187, a= 0.9700000000000006
Fitted TPareto: E_T= 2.49778893057685, E_C= 66.325569869025
WARNING] fit_pareto:: done; l= 1.000006033340469, a= 0.9734356547143935
Fitted Pareto: E_T= 2.4896010728353675, E_C= 66.15646108248635


> Esl= 1.4674792228437827
Sim: E_T= 2.32467513480113, E_C= 67.6028225169409
WARNING] fit_tpareto:: n= 182327
WARNING] fit_tpareto:: done; l= 1.000002659187885, u= 99798.14355141093, a= 0.9500000000000006
Fitted TPareto: E_T= 2.35035457483538, E_C= 68.129222424266
WARNING] fit_pareto:: done; l= 1.000002659187885, a= 0.9591896298776512
Fitted Pareto: E_T= 2.3308149822992354, E_C= 67.68184676972014
> Esl= 6.890361077694491
Sim: E_T= 2.4284167823566682, E_C= 69.86386422954223
WARNING] fit_tpareto:: n= 181887
WARNING] fit_tpareto:: done; l= 1.0000001376029104, u= 327649.23654891364, a= 0.8700000000000006
Fitted TPareto: E_T= 2.54751874561871, E_C= 72.6240092437767
WARNING] fit_pareto:: done; l= 1.0000001376029104, a= 0.8766173017589407
Fitted Pareto: E_T= 2.5292160071058802, E_C= 72.2080894232227
> Esl= 2.6165584337952317
Sim: E_T= 2.3461762226397704, E_C= 68.09750528159701
WARNING] fit_tpareto:: n= 181844
WARNING] fit_tpareto:: done; l= 1.0000011464580894, u= 179254.85660220194, a= 0.9300000000000006
Fitted TPareto: E_T= 2.39499207034301, E_C= 69.1497731247705
WARNING] fit_pareto:: done; l= 1.0000011464580894, a= 0.9327543382551267
Fitted Pareto: E_T= 2.3887240257942204, E_C= 69.00652946257192
> Esl= 1.8780390664754723
Sim: E_T= 2.3372569722544996, E_C= 67.88945231252505
WARNING] fit_tpareto:: n= 181945
WARNING] fit_tpareto:: done; l= 1.000000874279067, u= 100651.79631914501, a= 0.9400000000000006
Fitted TPareto: E_T= 2.37230798459056, E_C= 68.6313685911099
WARNING] fit_pareto:: done; l= 1.000000874279067, a= 0.9486587558291757
Fitted Pareto: E_T= 2.3533162178024805, E_C= 68.19691406795616
> Esl= 7.866329390266523
Sim: E_T= 2.4010452158565374, E_C= 69.30969632620543
WARNING] fit_tpareto:: n= 182157
WARNING] fit_tpareto:: done; l= 1.000008708855603, u= 69009.23988566175, a= 0.8900000000000006
Fitted TPareto: E_T= 2.49315317903886, E_C= 71.3881705999288
WARNING] fit_pareto:: done; l= 1.000008708855603, a= 0.8921914702884592
Fitted Pareto: E_T= 2.4876134346008527, E_C= 71.26191522122248
> Esl= 2.8491047249621952
Sim: E_T= 2.325950363363413, E_C= 67.59616270305794
WARNING] fit_tpareto:: n= 181659
WARNING] fit_tpareto:: done; l= 1.0000093432608992, u= 77144.35823863803, a= 0.9400000000000006
Fitted TPareto: E_T= 2.37230903934373, E_C= 68.6315317297535
WARNING] fit_pareto:: done; l= 1.0000093432608992, a= 0.9419943678507733
Fitted Pareto: E_T= 2.3679597659610785, E_C= 68.53200316399298


> Esl= 2.155181020180198
Sim: E_T= 2.2135157127647056, E_C= 69.57980293439428
WARNING] fit_tpareto:: n= 192719
WARNING] fit_tpareto:: done; l= 1.0000074235722423, u= 152975.79414410412, a= 0.9300000000000006
Fitted TPareto: E_T= 2.23590600235974, E_C= 70.0963432699683
WARNING] fit_pareto:: done; l= 1.0000074235722423, a= 0.9306138154622189
Fitted Pareto: E_T= 2.2347371038241164, E_C= 70.06697934838598
> Esl= 12.494373628031447
Sim: E_T= 2.6866754630140317, E_C= 80.98450012830206
WARNING] fit_tpareto:: n= 191951
WARNING] fit_tpareto:: done; l= 1.0000077268341556, u= 72147.1792564172, a= 0.7000000000000004
Fitted TPareto: E_T= 2.93279096356042, E_C= 87.3729259045115
WARNING] fit_pareto:: done; l= 1.0000077268341556, a= 0.704218039927023
Fitted Pareto: E_T= 2.9153982428157144, E_C= 86.94470776656856
> Esl= 3.0275179577152525
Sim: E_T= 2.2927191081755263, E_C= 71.46913608957419
WARNING] fit_tpareto:: n= 191821
WARNING] fit_tpareto:: done; l= 1.000011265045032, u= 266422.38444541796, a= 0.8700000000000006
Fitted TPareto: E_T= 2.3664910688395, E_C= 73.3644664676096
WARNING] fit_pareto:: done; l= 1.000011265045032, a= 0.8787627216967308
Fitted Pareto: E_T= 2.3458542429585694, E_C= 72.84901887374598
> Esl= 2.8538270231482263
Sim: E_T= 2.2045207650953453, E_C= 69.35206457267984
WARNING] fit_tpareto:: n= 191521
WARNING] fit_tpareto:: done; l= 1.0000123670324683, u= 67234.2005665889, a= 0.9200000000000006
Fitted TPareto: E_T= 2.25592367248793, E_C= 70.5984930124291
WARNING] fit_pareto:: done; l= 1.0000123670324683, a= 0.9289277084589492
Fitted Pareto: E_T= 2.238082213868904, E_C= 70.15097266581668
> Esl= 2.2908484369246334
Sim: E_T= 2.2421785806028645, E_C= 70.24627638629686
WARNING] fit_tpareto:: n= 191479
WARNING] fit_tpareto:: done; l= 1.0000025944318622, u= 239121.3047178001, a= 0.9100000000000006
Fitted TPareto: E_T= 2.27667440467425, E_C= 71.1182970084932
WARNING] fit_pareto:: done; l= 1.0000025944318622, a= 0.9103475100429608
Fitted Pareto: E_T= 2.275981599745797, E_C= 71.10091049486893
> Esl= 1.4001005733988505
Sim: E_T= 2.1874676760062974, E_C= 68.97270069735356
WARNING] fit_tpareto:: n= 191520
WARNING] fit_tpareto:: done; l= 1.0000090191606432, u= 121850.38627110003, a= 0.9500000000000006
Fitted TPareto: E_T= 2.19757483029206, E_C= 69.1339355828851
WARNING] fit_pareto:: done; l= 1.0000090191606432, a= 0.9550501996558859
Fitted Pareto: E_T= 2.1882947993677484, E_C= 68.90067264907825


> Esl= 1.488567215875084
Sim: E_T= 2.0945543007421885, E_C= 70.90089275763448
WARNING] fit_tpareto:: n= 202575
WARNING] fit_tpareto:: done; l= 1.0000148137332872, u= 80360.22207659553, a= 0.9300000000000006
Fitted TPareto: E_T= 2.10924374826144, E_C= 71.2216634828144
WARNING] fit_pareto:: done; l= 1.0000148137332872, a= 0.9372471902607667
